<?xml version="1.0" encoding="UTF-8"?>
<testsuite name="com.lopic.boot.springboot.web.HelloControllerTest" tests="2" skipped="0" failures="0" errors="0" timestamp="2020-01-05T05:33:09" hostname="DESKTOP-2DC37PS" time="0.31">
  <properties/>
  <testcase name="hello가_리턴된다" classname="com.lopic.boot.springboot.web.HelloControllerTest" time="0.15"/>
  <testcase name="helloDto가_리턴된다" classname="com.lopic.boot.springboot.web.HelloControllerTest" time="0.16"/>
  <system-out><![CDATA[2020-01-05 14:33:07.483  INFO 58468 --- [    Test worker] .b.t.a.w.s.WebMvcTestContextBootstrapper : Neither @ContextConfiguration nor @ContextHierarchy found for test class [com.lopic.boot.springboot.web.HelloControllerTest], using SpringBootContextLoader
2020-01-05 14:33:07.505  INFO 58468 --- [    Test worker] o.s.t.c.support.AbstractContextLoader    : Could not detect default resource locations for test class [com.lopic.boot.springboot.web.HelloControllerTest]: no resource found for suffixes {-context.xml, Context.groovy}.
2020-01-05 14:33:07.514  INFO 58468 --- [    Test worker] t.c.s.AnnotationConfigContextLoaderUtils : Could not detect default configuration classes for test class [com.lopic.boot.springboot.web.HelloControllerTest]: HelloControllerTest does not declare any static, non-private, non-final, nested classes annotated with @Configuration.
2020-01-05 14:33:07.564  INFO 58468 --- [    Test worker] .b.t.c.SpringBootTestContextBootstrapper : Found @SpringBootConfiguration com.lopic.boot.springboot.Application for test class com.lopic.boot.springboot.web.HelloControllerTest
2020-01-05 14:33:07.566  INFO 58468 --- [    Test worker] .b.t.a.w.s.WebMvcTestContextBootstrapper : Loaded default TestExecutionListener class names from location [META-INF/spring.factories]: [org.springframework.security.test.context.support.WithSecurityContextTestExecutionListener, org.springframework.security.test.context.support.ReactorContextTestExecutionListener, org.springframework.boot.test.autoconfigure.restdocs.RestDocsTestExecutionListener, org.springframework.boot.test.autoconfigure.web.client.MockRestServiceServerResetTestExecutionListener, org.springframework.boot.test.autoconfigure.web.servlet.MockMvcPrintOnlyOnFailureTestExecutionListener, org.springframework.boot.test.autoconfigure.web.servlet.WebDriverTestExecutionListener, org.springframework.boot.test.mock.mockito.MockitoTestExecutionListener, org.springframework.boot.test.mock.mockito.ResetMocksTestExecutionListener, org.springframework.test.context.web.ServletTestExecutionListener, org.springframework.test.context.support.DirtiesContextBeforeModesTestExecutionListener, org.springframework.test.context.support.DependencyInjectionTestExecutionListener, org.springframework.test.context.support.DirtiesContextTestExecutionListener, org.springframework.test.context.transaction.TransactionalTestExecutionListener, org.springframework.test.context.jdbc.SqlScriptsTestExecutionListener]
2020-01-05 14:33:07.569  INFO 58468 --- [    Test worker] .b.t.a.w.s.WebMvcTestContextBootstrapper : Using TestExecutionListeners: [org.springframework.test.context.web.ServletTestExecutionListener@dc17c12, org.springframework.test.context.support.DirtiesContextBeforeModesTestExecutionListener@1086168f, org.springframework.boot.test.mock.mockito.MockitoTestExecutionListener@7efb7a5b, org.springframework.boot.test.autoconfigure.SpringBootDependencyInjectionTestExecutionListener@2c3bf5ec, org.springframework.test.context.support.DirtiesContextTestExecutionListener@2a9c3d95, org.springframework.test.context.transaction.TransactionalTestExecutionListener@a0e7427, org.springframework.test.context.jdbc.SqlScriptsTestExecutionListener@2f82fe9f, org.springframework.security.test.context.support.WithSecurityContextTestExecutionListener@5ce5ea16, org.springframework.security.test.context.support.ReactorContextTestExecutionListener@17de048a, org.springframework.boot.test.autoconfigure.restdocs.RestDocsTestExecutionListener@6e08e51a, org.springframework.boot.test.autoconfigure.web.client.MockRestServiceServerResetTestExecutionListener@56c69842, org.springframework.boot.test.autoconfigure.web.servlet.MockMvcPrintOnlyOnFailureTestExecutionListener@25006dd6, org.springframework.boot.test.autoconfigure.web.servlet.WebDriverTestExecutionListener@421dd7a8, org.springframework.boot.test.mock.mockito.ResetMocksTestExecutionListener@6b14cac4]

  .   ____          _            __ _ _
 /\\ / ___'_ __ _ _(_)_ __  __ _ \ \ \ \
( ( )\___ | '_ | '_| | '_ \/ _` | \ \ \ \
 \\/  ___)| |_)| | | | | || (_| |  ) ) ) )
  '  |____| .__|_| |_|_| |_\__, | / / / /
 =========|_|==============|___/=/_/_/_/
 :: Spring Boot ::        (v2.1.7.RELEASE)

2020-01-05 14:33:07.702  INFO 58468 --- [    Test worker] c.l.b.s.web.HelloControllerTest          : Starting HelloControllerTest on DESKTOP-2DC37PS with PID 58468 (started by dmbtv in C:\Users\dmbtv\IdeaProjects\springboot_service)
2020-01-05 14:33:07.715  INFO 58468 --- [    Test worker] c.l.b.s.web.HelloControllerTest          : No active profile set, falling back to default profiles: default
2020-01-05 14:33:08.895  INFO 58468 --- [    Test worker] o.s.s.concurrent.ThreadPoolTaskExecutor  : Initializing ExecutorService 'applicationTaskExecutor'
2020-01-05 14:33:08.969  INFO 58468 --- [    Test worker] o.s.b.a.w.s.WelcomePageHandlerMapping    : Adding welcome page template: index
2020-01-05 14:33:09.385  INFO 58468 --- [    Test worker] .s.s.UserDetailsServiceAutoConfiguration : 

Using generated security password: 29968c79-824e-437e-b077-67c13a2c1949

2020-01-05 14:33:09.714  INFO 58468 --- [    Test worker] o.s.s.web.DefaultSecurityFilterChain     : Creating filter chain: any request, [org.springframework.security.web.context.request.async.WebAsyncManagerIntegrationFilter@6cd1d67, org.springframework.security.web.context.SecurityContextPersistenceFilter@42d7a9b8, org.springframework.security.web.header.HeaderWriterFilter@4c16785e, org.springframework.security.web.csrf.CsrfFilter@485dc74e, org.springframework.security.web.authentication.logout.LogoutFilter@620661c2, org.springframework.security.web.authentication.UsernamePasswordAuthenticationFilter@6df2d1bc, org.springframework.security.web.authentication.ui.DefaultLoginPageGeneratingFilter@381b851a, org.springframework.security.web.authentication.ui.DefaultLogoutPageGeneratingFilter@4f9f1747, org.springframework.security.web.authentication.www.BasicAuthenticationFilter@14109297, org.springframework.security.web.savedrequest.RequestCacheAwareFilter@10391185, org.springframework.security.web.servletapi.SecurityContextHolderAwareRequestFilter@6f925f54, org.springframework.security.web.authentication.AnonymousAuthenticationFilter@5f0ba009, org.springframework.security.web.session.SessionManagementFilter@6ad7b125, org.springframework.security.web.access.ExceptionTranslationFilter@2c9fc47b, org.springframework.security.web.access.intercept.FilterSecurityInterceptor@6373217c]
2020-01-05 14:33:09.768  INFO 58468 --- [    Test worker] o.s.b.t.m.w.SpringBootMockServletContext : Initializing Spring TestDispatcherServlet ''
2020-01-05 14:33:09.770  INFO 58468 --- [    Test worker] o.s.t.web.servlet.TestDispatcherServlet  : Initializing Servlet ''
2020-01-05 14:33:09.800  INFO 58468 --- [    Test worker] o.s.t.web.servlet.TestDispatcherServlet  : Completed initialization in 29 ms
2020-01-05 14:33:09.856  INFO 58468 --- [    Test worker] c.l.b.s.web.HelloControllerTest          : Started HelloControllerTest in 2.28 seconds (JVM running for 17.176)
]]></system-out>
  <system-err><![CDATA[]]></system-err>
</testsuite>
