<?xml version="1.0" encoding="UTF-8"?>
<testsuite name="com.lopic.boot.springboot.web.IndexControllerTest" tests="1" skipped="0" failures="0" errors="0" timestamp="2020-01-10T00:02:44" hostname="DESKTOP-2DC37PS" time="0.499">
  <properties/>
  <testcase name="메인페이지_로딩" classname="com.lopic.boot.springboot.web.IndexControllerTest" time="0.499"/>
  <system-out><![CDATA[09:02:35.783 [Test worker] DEBUG org.springframework.test.context.junit4.SpringJUnit4ClassRunner - SpringJUnit4ClassRunner constructor called with [class com.lopic.boot.springboot.web.IndexControllerTest]
09:02:35.793 [Test worker] DEBUG org.springframework.test.context.BootstrapUtils - Instantiating CacheAwareContextLoaderDelegate from class [org.springframework.test.context.cache.DefaultCacheAwareContextLoaderDelegate]
09:02:35.838 [Test worker] DEBUG org.springframework.test.context.BootstrapUtils - Instantiating BootstrapContext using constructor [public org.springframework.test.context.support.DefaultBootstrapContext(java.lang.Class,org.springframework.test.context.CacheAwareContextLoaderDelegate)]
09:02:35.868 [Test worker] DEBUG org.springframework.test.context.BootstrapUtils - Instantiating TestContextBootstrapper for test class [com.lopic.boot.springboot.web.IndexControllerTest] from class [org.springframework.boot.test.context.SpringBootTestContextBootstrapper]
09:02:35.888 [Test worker] INFO org.springframework.boot.test.context.SpringBootTestContextBootstrapper - Neither @ContextConfiguration nor @ContextHierarchy found for test class [com.lopic.boot.springboot.web.IndexControllerTest], using SpringBootContextLoader
09:02:35.892 [Test worker] DEBUG org.springframework.test.context.support.AbstractContextLoader - Did not detect default resource location for test class [com.lopic.boot.springboot.web.IndexControllerTest]: class path resource [com/lopic/boot/springboot/web/IndexControllerTest-context.xml] does not exist
09:02:35.893 [Test worker] DEBUG org.springframework.test.context.support.AbstractContextLoader - Did not detect default resource location for test class [com.lopic.boot.springboot.web.IndexControllerTest]: class path resource [com/lopic/boot/springboot/web/IndexControllerTestContext.groovy] does not exist
09:02:35.893 [Test worker] INFO org.springframework.test.context.support.AbstractContextLoader - Could not detect default resource locations for test class [com.lopic.boot.springboot.web.IndexControllerTest]: no resource found for suffixes {-context.xml, Context.groovy}.
09:02:35.894 [Test worker] INFO org.springframework.test.context.support.AnnotationConfigContextLoaderUtils - Could not detect default configuration classes for test class [com.lopic.boot.springboot.web.IndexControllerTest]: IndexControllerTest does not declare any static, non-private, non-final, nested classes annotated with @Configuration.
09:02:35.949 [Test worker] DEBUG org.springframework.test.context.support.ActiveProfilesUtils - Could not find an 'annotation declaring class' for annotation type [org.springframework.test.context.ActiveProfiles] and class [com.lopic.boot.springboot.web.IndexControllerTest]
09:02:36.073 [Test worker] DEBUG org.springframework.context.annotation.ClassPathScanningCandidateComponentProvider - Identified candidate component class: file [C:\Users\dmbtv\IdeaProjects\springboot_service\build\classes\java\main\com\lopic\boot\springboot\Application.class]
09:02:36.075 [Test worker] INFO org.springframework.boot.test.context.SpringBootTestContextBootstrapper - Found @SpringBootConfiguration com.lopic.boot.springboot.Application for test class com.lopic.boot.springboot.web.IndexControllerTest
09:02:36.197 [Test worker] DEBUG org.springframework.boot.test.context.SpringBootTestContextBootstrapper - @TestExecutionListeners is not present for class [com.lopic.boot.springboot.web.IndexControllerTest]: using defaults.
09:02:36.198 [Test worker] INFO org.springframework.boot.test.context.SpringBootTestContextBootstrapper - Loaded default TestExecutionListener class names from location [META-INF/spring.factories]: [org.springframework.security.test.context.support.WithSecurityContextTestExecutionListener, org.springframework.security.test.context.support.ReactorContextTestExecutionListener, org.springframework.boot.test.autoconfigure.restdocs.RestDocsTestExecutionListener, org.springframework.boot.test.autoconfigure.web.client.MockRestServiceServerResetTestExecutionListener, org.springframework.boot.test.autoconfigure.web.servlet.MockMvcPrintOnlyOnFailureTestExecutionListener, org.springframework.boot.test.autoconfigure.web.servlet.WebDriverTestExecutionListener, org.springframework.boot.test.mock.mockito.MockitoTestExecutionListener, org.springframework.boot.test.mock.mockito.ResetMocksTestExecutionListener, org.springframework.test.context.web.ServletTestExecutionListener, org.springframework.test.context.support.DirtiesContextBeforeModesTestExecutionListener, org.springframework.test.context.support.DependencyInjectionTestExecutionListener, org.springframework.test.context.support.DirtiesContextTestExecutionListener, org.springframework.test.context.transaction.TransactionalTestExecutionListener, org.springframework.test.context.jdbc.SqlScriptsTestExecutionListener]
09:02:36.232 [Test worker] INFO org.springframework.boot.test.context.SpringBootTestContextBootstrapper - Using TestExecutionListeners: [org.springframework.test.context.web.ServletTestExecutionListener@581a3a20, org.springframework.test.context.support.DirtiesContextBeforeModesTestExecutionListener@72c11d3, org.springframework.boot.test.mock.mockito.MockitoTestExecutionListener@2d4d7d04, org.springframework.boot.test.autoconfigure.SpringBootDependencyInjectionTestExecutionListener@40588a64, org.springframework.test.context.support.DirtiesContextTestExecutionListener@491a7375, org.springframework.test.context.transaction.TransactionalTestExecutionListener@2e5f410c, org.springframework.test.context.jdbc.SqlScriptsTestExecutionListener@683cbc9e, org.springframework.security.test.context.support.WithSecurityContextTestExecutionListener@6cb30057, org.springframework.security.test.context.support.ReactorContextTestExecutionListener@7628576f, org.springframework.boot.test.autoconfigure.restdocs.RestDocsTestExecutionListener@22ab2f87, org.springframework.boot.test.autoconfigure.web.client.MockRestServiceServerResetTestExecutionListener@2f7eaf00, org.springframework.boot.test.autoconfigure.web.servlet.MockMvcPrintOnlyOnFailureTestExecutionListener@5b3bb300, org.springframework.boot.test.autoconfigure.web.servlet.WebDriverTestExecutionListener@6f9c0427, org.springframework.boot.test.mock.mockito.ResetMocksTestExecutionListener@14b0c944]
09:02:36.236 [Test worker] DEBUG org.springframework.test.annotation.ProfileValueUtils - Retrieved @ProfileValueSourceConfiguration [null] for test class [com.lopic.boot.springboot.web.IndexControllerTest]
09:02:36.237 [Test worker] DEBUG org.springframework.test.annotation.ProfileValueUtils - Retrieved ProfileValueSource type [class org.springframework.test.annotation.SystemProfileValueSource] for class [com.lopic.boot.springboot.web.IndexControllerTest]
09:02:36.238 [Test worker] DEBUG org.springframework.test.annotation.ProfileValueUtils - Retrieved @ProfileValueSourceConfiguration [null] for test class [com.lopic.boot.springboot.web.IndexControllerTest]
09:02:36.238 [Test worker] DEBUG org.springframework.test.annotation.ProfileValueUtils - Retrieved ProfileValueSource type [class org.springframework.test.annotation.SystemProfileValueSource] for class [com.lopic.boot.springboot.web.IndexControllerTest]
09:02:36.245 [Test worker] DEBUG org.springframework.test.context.support.AbstractDirtiesContextTestExecutionListener - Before test class: context [DefaultTestContext@51557e1f testClass = IndexControllerTest, testInstance = [null], testMethod = [null], testException = [null], mergedContextConfiguration = [WebMergedContextConfiguration@1c7cbaa8 testClass = IndexControllerTest, locations = '{}', classes = '{class com.lopic.boot.springboot.Application}', contextInitializerClasses = '[]', activeProfiles = '{}', propertySourceLocations = '{}', propertySourceProperties = '{org.springframework.boot.test.context.SpringBootTestContextBootstrapper=true, server.port=0}', contextCustomizers = set[org.springframework.boot.test.autoconfigure.properties.PropertyMappingContextCustomizer@0, org.springframework.boot.test.autoconfigure.web.servlet.WebDriverContextCustomizerFactory$Customizer@24a93370, org.springframework.boot.test.context.filter.ExcludeFilterContextCustomizer@5bb79921, org.springframework.boot.test.json.DuplicateJsonObjectContextCustomizerFactory$DuplicateJsonObjectContextCustomizer@8a43b9e, org.springframework.boot.test.mock.mockito.MockitoContextCustomizer@0, org.springframework.boot.test.web.client.TestRestTemplateContextCustomizer@42ea7d59], resourceBasePath = 'src/main/webapp', contextLoader = 'org.springframework.boot.test.context.SpringBootContextLoader', parent = [null]], attributes = map['org.springframework.test.context.web.ServletTestExecutionListener.activateListener' -> false]], class annotated with @DirtiesContext [false] with mode [null].
09:02:36.246 [Test worker] DEBUG org.springframework.test.annotation.ProfileValueUtils - Retrieved @ProfileValueSourceConfiguration [null] for test class [com.lopic.boot.springboot.web.IndexControllerTest]
09:02:36.246 [Test worker] DEBUG org.springframework.test.annotation.ProfileValueUtils - Retrieved ProfileValueSource type [class org.springframework.test.annotation.SystemProfileValueSource] for class [com.lopic.boot.springboot.web.IndexControllerTest]
09:02:36.254 [Test worker] DEBUG org.springframework.test.context.support.DependencyInjectionTestExecutionListener - Performing dependency injection for test context [[DefaultTestContext@51557e1f testClass = IndexControllerTest, testInstance = com.lopic.boot.springboot.web.IndexControllerTest@3995fe72, testMethod = [null], testException = [null], mergedContextConfiguration = [WebMergedContextConfiguration@1c7cbaa8 testClass = IndexControllerTest, locations = '{}', classes = '{class com.lopic.boot.springboot.Application}', contextInitializerClasses = '[]', activeProfiles = '{}', propertySourceLocations = '{}', propertySourceProperties = '{org.springframework.boot.test.context.SpringBootTestContextBootstrapper=true, server.port=0}', contextCustomizers = set[org.springframework.boot.test.autoconfigure.properties.PropertyMappingContextCustomizer@0, org.springframework.boot.test.autoconfigure.web.servlet.WebDriverContextCustomizerFactory$Customizer@24a93370, org.springframework.boot.test.context.filter.ExcludeFilterContextCustomizer@5bb79921, org.springframework.boot.test.json.DuplicateJsonObjectContextCustomizerFactory$DuplicateJsonObjectContextCustomizer@8a43b9e, org.springframework.boot.test.mock.mockito.MockitoContextCustomizer@0, org.springframework.boot.test.web.client.TestRestTemplateContextCustomizer@42ea7d59], resourceBasePath = 'src/main/webapp', contextLoader = 'org.springframework.boot.test.context.SpringBootContextLoader', parent = [null]], attributes = map['org.springframework.test.context.web.ServletTestExecutionListener.activateListener' -> false]]].
09:02:36.276 [Test worker] DEBUG org.springframework.test.context.support.TestPropertySourceUtils - Adding inlined properties to environment: {spring.jmx.enabled=false, org.springframework.boot.test.context.SpringBootTestContextBootstrapper=true, server.port=0}

  .   ____          _            __ _ _
 /\\ / ___'_ __ _ _(_)_ __  __ _ \ \ \ \
( ( )\___ | '_ | '_| | '_ \/ _` | \ \ \ \
 \\/  ___)| |_)| | | | | || (_| |  ) ) ) )
  '  |____| .__|_| |_|_| |_\__, | / / / /
 =========|_|==============|___/=/_/_/_/
 :: Spring Boot ::        (v2.1.7.RELEASE)

2020-01-10 09:02:36.604  INFO 33744 --- [    Test worker] c.l.b.s.web.IndexControllerTest          : Starting IndexControllerTest on DESKTOP-2DC37PS with PID 33744 (started by dmbtv in C:\Users\dmbtv\IdeaProjects\springboot_service)
2020-01-10 09:02:36.606  INFO 33744 --- [    Test worker] c.l.b.s.web.IndexControllerTest          : No active profile set, falling back to default profiles: default
2020-01-10 09:02:37.769  INFO 33744 --- [    Test worker] .s.d.r.c.RepositoryConfigurationDelegate : Bootstrapping Spring Data repositories in DEFAULT mode.
2020-01-10 09:02:37.893  INFO 33744 --- [    Test worker] .s.d.r.c.RepositoryConfigurationDelegate : Finished Spring Data repository scanning in 109ms. Found 2 repository interfaces.
2020-01-10 09:02:38.477  INFO 33744 --- [    Test worker] trationDelegate$BeanPostProcessorChecker : Bean 'org.springframework.transaction.annotation.ProxyTransactionManagementConfiguration' of type [org.springframework.transaction.annotation.ProxyTransactionManagementConfiguration$$EnhancerBySpringCGLIB$$56b2cc86] is not eligible for getting processed by all BeanPostProcessors (for example: not eligible for auto-proxying)
2020-01-10 09:02:38.995  INFO 33744 --- [    Test worker] o.s.b.w.embedded.tomcat.TomcatWebServer  : Tomcat initialized with port(s): 0 (http)
2020-01-10 09:02:39.033  INFO 33744 --- [    Test worker] o.apache.catalina.core.StandardService   : Starting service [Tomcat]
2020-01-10 09:02:39.035  INFO 33744 --- [    Test worker] org.apache.catalina.core.StandardEngine  : Starting Servlet engine: [Apache Tomcat/9.0.22]
2020-01-10 09:02:39.231  INFO 33744 --- [    Test worker] o.a.c.c.C.[Tomcat].[localhost].[/]       : Initializing Spring embedded WebApplicationContext
2020-01-10 09:02:39.232  INFO 33744 --- [    Test worker] o.s.web.context.ContextLoader            : Root WebApplicationContext: initialization completed in 2593 ms
2020-01-10 09:02:39.581  INFO 33744 --- [    Test worker] com.zaxxer.hikari.HikariDataSource       : HikariPool-1 - Starting...
2020-01-10 09:02:39.814  INFO 33744 --- [    Test worker] com.zaxxer.hikari.HikariDataSource       : HikariPool-1 - Start completed.
2020-01-10 09:02:39.964  INFO 33744 --- [    Test worker] o.hibernate.jpa.internal.util.LogHelper  : HHH000204: Processing PersistenceUnitInfo [
	name: default
	...]
2020-01-10 09:02:40.084  INFO 33744 --- [    Test worker] org.hibernate.Version                    : HHH000412: Hibernate Core {5.3.10.Final}
2020-01-10 09:02:40.088  INFO 33744 --- [    Test worker] org.hibernate.cfg.Environment            : HHH000206: hibernate.properties not found
2020-01-10 09:02:40.337  INFO 33744 --- [    Test worker] o.hibernate.annotations.common.Version   : HCANN000001: Hibernate Commons Annotations {5.0.4.Final}
2020-01-10 09:02:40.610  INFO 33744 --- [    Test worker] org.hibernate.dialect.Dialect            : HHH000400: Using dialect: org.hibernate.dialect.H2Dialect
2020-01-10 09:02:41.600  INFO 33744 --- [    Test worker] o.h.t.schema.internal.SchemaCreatorImpl  : HHH000476: Executing import script 'org.hibernate.tool.schema.internal.exec.ScriptSourceInputNonExistentImpl@793ba80'
2020-01-10 09:02:41.605  INFO 33744 --- [    Test worker] j.LocalContainerEntityManagerFactoryBean : Initialized JPA EntityManagerFactory for persistence unit 'default'
2020-01-10 09:02:42.644  INFO 33744 --- [    Test worker] o.h.h.i.QueryTranslatorFactoryInitiator  : HHH000397: Using ASTQueryTranslatorFactory
2020-01-10 09:02:43.287  INFO 33744 --- [    Test worker] o.s.s.web.DefaultSecurityFilterChain     : Creating filter chain: any request, [org.springframework.security.web.context.request.async.WebAsyncManagerIntegrationFilter@63005342, org.springframework.security.web.context.SecurityContextPersistenceFilter@4e24a982, org.springframework.security.web.header.HeaderWriterFilter@55c75a4, org.springframework.security.web.authentication.logout.LogoutFilter@113353ad, org.springframework.security.oauth2.client.web.OAuth2AuthorizationRequestRedirectFilter@34f1ea6d, org.springframework.security.oauth2.client.web.OAuth2LoginAuthenticationFilter@1d9d0570, org.springframework.security.web.authentication.ui.DefaultLoginPageGeneratingFilter@4a9c48e, org.springframework.security.web.authentication.ui.DefaultLogoutPageGeneratingFilter@548e6ab4, org.springframework.security.web.savedrequest.RequestCacheAwareFilter@21845139, org.springframework.security.web.servletapi.SecurityContextHolderAwareRequestFilter@47b9a5e0, org.springframework.security.web.authentication.AnonymousAuthenticationFilter@7a48716c, org.springframework.security.web.session.SessionManagementFilter@54c96db, org.springframework.security.web.access.ExceptionTranslationFilter@6b268239, org.springframework.security.web.access.intercept.FilterSecurityInterceptor@2d6fb981]
2020-01-10 09:02:43.858  INFO 33744 --- [    Test worker] o.s.s.concurrent.ThreadPoolTaskExecutor  : Initializing ExecutorService 'applicationTaskExecutor'
2020-01-10 09:02:43.930  WARN 33744 --- [    Test worker] aWebConfiguration$JpaWebMvcConfiguration : spring.jpa.open-in-view is enabled by default. Therefore, database queries may be performed during view rendering. Explicitly configure spring.jpa.open-in-view to disable this warning
2020-01-10 09:02:43.994  INFO 33744 --- [    Test worker] o.s.b.a.w.s.WelcomePageHandlerMapping    : Adding welcome page template: index
2020-01-10 09:02:44.507  INFO 33744 --- [    Test worker] s.a.ScheduledAnnotationBeanPostProcessor : No TaskScheduler/ScheduledExecutorService bean found for scheduled processing
2020-01-10 09:02:44.544  INFO 33744 --- [    Test worker] o.s.b.w.embedded.tomcat.TomcatWebServer  : Tomcat started on port(s): 3892 (http) with context path ''
2020-01-10 09:02:44.548  INFO 33744 --- [    Test worker] c.l.b.s.web.IndexControllerTest          : Started IndexControllerTest in 8.27 seconds (JVM running for 9.815)
2020-01-10 09:02:44.771  INFO 33744 --- [o-auto-1-exec-1] o.a.c.c.C.[Tomcat].[localhost].[/]       : Initializing Spring DispatcherServlet 'dispatcherServlet'
2020-01-10 09:02:44.772  INFO 33744 --- [o-auto-1-exec-1] o.s.web.servlet.DispatcherServlet        : Initializing Servlet 'dispatcherServlet'
2020-01-10 09:02:44.803  INFO 33744 --- [o-auto-1-exec-1] o.s.web.servlet.DispatcherServlet        : Completed initialization in 31 ms
]]></system-out>
  <system-err><![CDATA[]]></system-err>
</testsuite>
