<?xml version="1.0" encoding="UTF-8"?>
<testsuite name="com.lopic.boot.springboot.web.PostsApiControllerTest" tests="2" skipped="0" failures="0" errors="0" timestamp="2020-01-08T15:55:03" hostname="DESKTOP-2DC37PS" time="0.125">
  <properties/>
  <testcase name="Posts_등록된다" classname="com.lopic.boot.springboot.web.PostsApiControllerTest" time="0.09"/>
  <testcase name="Posts_수정된다" classname="com.lopic.boot.springboot.web.PostsApiControllerTest" time="0.034"/>
  <system-out><![CDATA[2020-01-09 00:55:03.781  INFO 35740 --- [    Test worker] .b.t.c.SpringBootTestContextBootstrapper : Neither @ContextConfiguration nor @ContextHierarchy found for test class [com.lopic.boot.springboot.web.PostsApiControllerTest], using SpringBootContextLoader
2020-01-09 00:55:03.782  INFO 35740 --- [    Test worker] o.s.t.c.support.AbstractContextLoader    : Could not detect default resource locations for test class [com.lopic.boot.springboot.web.PostsApiControllerTest]: no resource found for suffixes {-context.xml, Context.groovy}.
2020-01-09 00:55:03.782  INFO 35740 --- [    Test worker] t.c.s.AnnotationConfigContextLoaderUtils : Could not detect default configuration classes for test class [com.lopic.boot.springboot.web.PostsApiControllerTest]: PostsApiControllerTest does not declare any static, non-private, non-final, nested classes annotated with @Configuration.
2020-01-09 00:55:03.785  INFO 35740 --- [    Test worker] .b.t.c.SpringBootTestContextBootstrapper : Found @SpringBootConfiguration com.lopic.boot.springboot.Application for test class com.lopic.boot.springboot.web.PostsApiControllerTest
2020-01-09 00:55:03.786  INFO 35740 --- [    Test worker] .b.t.c.SpringBootTestContextBootstrapper : Loaded default TestExecutionListener class names from location [META-INF/spring.factories]: [org.springframework.security.test.context.support.WithSecurityContextTestExecutionListener, org.springframework.security.test.context.support.ReactorContextTestExecutionListener, org.springframework.boot.test.autoconfigure.restdocs.RestDocsTestExecutionListener, org.springframework.boot.test.autoconfigure.web.client.MockRestServiceServerResetTestExecutionListener, org.springframework.boot.test.autoconfigure.web.servlet.MockMvcPrintOnlyOnFailureTestExecutionListener, org.springframework.boot.test.autoconfigure.web.servlet.WebDriverTestExecutionListener, org.springframework.boot.test.mock.mockito.MockitoTestExecutionListener, org.springframework.boot.test.mock.mockito.ResetMocksTestExecutionListener, org.springframework.test.context.web.ServletTestExecutionListener, org.springframework.test.context.support.DirtiesContextBeforeModesTestExecutionListener, org.springframework.test.context.support.DependencyInjectionTestExecutionListener, org.springframework.test.context.support.DirtiesContextTestExecutionListener, org.springframework.test.context.transaction.TransactionalTestExecutionListener, org.springframework.test.context.jdbc.SqlScriptsTestExecutionListener]
2020-01-09 00:55:03.788  INFO 35740 --- [    Test worker] .b.t.c.SpringBootTestContextBootstrapper : Using TestExecutionListeners: [org.springframework.test.context.web.ServletTestExecutionListener@6ba08c39, org.springframework.test.context.support.DirtiesContextBeforeModesTestExecutionListener@275d5ad7, org.springframework.boot.test.mock.mockito.MockitoTestExecutionListener@2f43cae1, org.springframework.boot.test.autoconfigure.SpringBootDependencyInjectionTestExecutionListener@797f7864, org.springframework.test.context.support.DirtiesContextTestExecutionListener@1651f236, org.springframework.test.context.transaction.TransactionalTestExecutionListener@5b1789c9, org.springframework.test.context.jdbc.SqlScriptsTestExecutionListener@6a325488, org.springframework.security.test.context.support.WithSecurityContextTestExecutionListener@680cbdf2, org.springframework.security.test.context.support.ReactorContextTestExecutionListener@71d52287, org.springframework.boot.test.autoconfigure.restdocs.RestDocsTestExecutionListener@166ba4b5, org.springframework.boot.test.autoconfigure.web.client.MockRestServiceServerResetTestExecutionListener@6e0524e4, org.springframework.boot.test.autoconfigure.web.servlet.MockMvcPrintOnlyOnFailureTestExecutionListener@636bf7fb, org.springframework.boot.test.autoconfigure.web.servlet.WebDriverTestExecutionListener@3bf2200b, org.springframework.boot.test.mock.mockito.ResetMocksTestExecutionListener@70f765cc]
2020-01-09 00:55:03.803  INFO 35740 --- [    Test worker] o.a.c.c.C.[Tomcat].[localhost].[/]       : Initializing Spring TestDispatcherServlet ''
2020-01-09 00:55:03.803  INFO 35740 --- [    Test worker] o.s.t.web.servlet.TestDispatcherServlet  : Initializing Servlet ''
2020-01-09 00:55:03.805  INFO 35740 --- [    Test worker] o.s.t.web.servlet.TestDispatcherServlet  : Completed initialization in 2 ms
2020-01-09 00:55:03.884  INFO 35740 --- [    Test worker] o.a.c.c.C.[Tomcat].[localhost].[/]       : Initializing Spring TestDispatcherServlet ''
2020-01-09 00:55:03.884  INFO 35740 --- [    Test worker] o.s.t.web.servlet.TestDispatcherServlet  : Initializing Servlet ''
2020-01-09 00:55:03.887  INFO 35740 --- [    Test worker] o.s.t.web.servlet.TestDispatcherServlet  : Completed initialization in 3 ms
]]></system-out>
  <system-err><![CDATA[]]></system-err>
</testsuite>
