<?xml version="1.0" encoding="UTF-8"?>
<testsuite name="com.lopic.boot.springboot.web.PostsApiControllerTest" tests="2" skipped="0" failures="0" errors="0" timestamp="2020-01-10T00:02:48" hostname="DESKTOP-2DC37PS" time="0.24">
  <properties/>
  <testcase name="Posts_등록된다" classname="com.lopic.boot.springboot.web.PostsApiControllerTest" time="0.158"/>
  <testcase name="Posts_수정된다" classname="com.lopic.boot.springboot.web.PostsApiControllerTest" time="0.08"/>
  <system-out><![CDATA[2020-01-10 09:02:48.961  INFO 33744 --- [    Test worker] .b.t.c.SpringBootTestContextBootstrapper : Neither @ContextConfiguration nor @ContextHierarchy found for test class [com.lopic.boot.springboot.web.PostsApiControllerTest], using SpringBootContextLoader
2020-01-10 09:02:48.964  INFO 33744 --- [    Test worker] o.s.t.c.support.AbstractContextLoader    : Could not detect default resource locations for test class [com.lopic.boot.springboot.web.PostsApiControllerTest]: no resource found for suffixes {-context.xml, Context.groovy}.
2020-01-10 09:02:48.968  INFO 33744 --- [    Test worker] t.c.s.AnnotationConfigContextLoaderUtils : Could not detect default configuration classes for test class [com.lopic.boot.springboot.web.PostsApiControllerTest]: PostsApiControllerTest does not declare any static, non-private, non-final, nested classes annotated with @Configuration.
2020-01-10 09:02:48.972  INFO 33744 --- [    Test worker] .b.t.c.SpringBootTestContextBootstrapper : Found @SpringBootConfiguration com.lopic.boot.springboot.Application for test class com.lopic.boot.springboot.web.PostsApiControllerTest
2020-01-10 09:02:48.975  INFO 33744 --- [    Test worker] .b.t.c.SpringBootTestContextBootstrapper : Loaded default TestExecutionListener class names from location [META-INF/spring.factories]: [org.springframework.security.test.context.support.WithSecurityContextTestExecutionListener, org.springframework.security.test.context.support.ReactorContextTestExecutionListener, org.springframework.boot.test.autoconfigure.restdocs.RestDocsTestExecutionListener, org.springframework.boot.test.autoconfigure.web.client.MockRestServiceServerResetTestExecutionListener, org.springframework.boot.test.autoconfigure.web.servlet.MockMvcPrintOnlyOnFailureTestExecutionListener, org.springframework.boot.test.autoconfigure.web.servlet.WebDriverTestExecutionListener, org.springframework.boot.test.mock.mockito.MockitoTestExecutionListener, org.springframework.boot.test.mock.mockito.ResetMocksTestExecutionListener, org.springframework.test.context.web.ServletTestExecutionListener, org.springframework.test.context.support.DirtiesContextBeforeModesTestExecutionListener, org.springframework.test.context.support.DependencyInjectionTestExecutionListener, org.springframework.test.context.support.DirtiesContextTestExecutionListener, org.springframework.test.context.transaction.TransactionalTestExecutionListener, org.springframework.test.context.jdbc.SqlScriptsTestExecutionListener]
2020-01-10 09:02:48.982  INFO 33744 --- [    Test worker] .b.t.c.SpringBootTestContextBootstrapper : Using TestExecutionListeners: [org.springframework.test.context.web.ServletTestExecutionListener@38597d94, org.springframework.test.context.support.DirtiesContextBeforeModesTestExecutionListener@5976ebfc, org.springframework.boot.test.mock.mockito.MockitoTestExecutionListener@57093fb2, org.springframework.boot.test.autoconfigure.SpringBootDependencyInjectionTestExecutionListener@2e5d0f46, org.springframework.test.context.support.DirtiesContextTestExecutionListener@5d1b62c4, org.springframework.test.context.transaction.TransactionalTestExecutionListener@335c5b90, org.springframework.test.context.jdbc.SqlScriptsTestExecutionListener@2db616e6, org.springframework.security.test.context.support.WithSecurityContextTestExecutionListener@6b571b29, org.springframework.security.test.context.support.ReactorContextTestExecutionListener@6d5c59c5, org.springframework.boot.test.autoconfigure.restdocs.RestDocsTestExecutionListener@3c8d0f25, org.springframework.boot.test.autoconfigure.web.client.MockRestServiceServerResetTestExecutionListener@21912f74, org.springframework.boot.test.autoconfigure.web.servlet.MockMvcPrintOnlyOnFailureTestExecutionListener@72ccf63c, org.springframework.boot.test.autoconfigure.web.servlet.WebDriverTestExecutionListener@7dd10bd1, org.springframework.boot.test.mock.mockito.ResetMocksTestExecutionListener@2971d769]
2020-01-10 09:02:48.994  INFO 33744 --- [    Test worker] o.a.c.c.C.[Tomcat].[localhost].[/]       : Initializing Spring TestDispatcherServlet ''
2020-01-10 09:02:48.997  INFO 33744 --- [    Test worker] o.s.t.web.servlet.TestDispatcherServlet  : Initializing Servlet ''
2020-01-10 09:02:49.001  INFO 33744 --- [    Test worker] o.s.t.web.servlet.TestDispatcherServlet  : Completed initialization in 3 ms
2020-01-10 09:02:49.155  INFO 33744 --- [    Test worker] o.a.c.c.C.[Tomcat].[localhost].[/]       : Initializing Spring TestDispatcherServlet ''
2020-01-10 09:02:49.157  INFO 33744 --- [    Test worker] o.s.t.web.servlet.TestDispatcherServlet  : Initializing Servlet ''
2020-01-10 09:02:49.160  INFO 33744 --- [    Test worker] o.s.t.web.servlet.TestDispatcherServlet  : Completed initialization in 2 ms
]]></system-out>
  <system-err><![CDATA[]]></system-err>
</testsuite>
