<?xml version="1.0" encoding="UTF-8"?>
<testsuite name="com.lopic.boot.springboot.web.domain.posts.PostsRepositoryTest" tests="2" skipped="0" failures="0" errors="0" timestamp="2020-01-06T09:43:21" hostname="DESKTOP-2DC37PS" time="0.489">
  <properties/>
  <testcase name="게시글저장_불러오기" classname="com.lopic.boot.springboot.web.domain.posts.PostsRepositoryTest" time="0.447"/>
  <testcase name="BaseTimeEntity_등록" classname="com.lopic.boot.springboot.web.domain.posts.PostsRepositoryTest" time="0.017"/>
  <system-out><![CDATA[18:43:12.280 [Test worker] DEBUG org.springframework.test.context.junit4.SpringJUnit4ClassRunner - SpringJUnit4ClassRunner constructor called with [class com.lopic.boot.springboot.web.domain.posts.PostsRepositoryTest]
18:43:12.289 [Test worker] DEBUG org.springframework.test.context.BootstrapUtils - Instantiating CacheAwareContextLoaderDelegate from class [org.springframework.test.context.cache.DefaultCacheAwareContextLoaderDelegate]
18:43:12.306 [Test worker] DEBUG org.springframework.test.context.BootstrapUtils - Instantiating BootstrapContext using constructor [public org.springframework.test.context.support.DefaultBootstrapContext(java.lang.Class,org.springframework.test.context.CacheAwareContextLoaderDelegate)]
18:43:12.332 [Test worker] DEBUG org.springframework.test.context.BootstrapUtils - Instantiating TestContextBootstrapper for test class [com.lopic.boot.springboot.web.domain.posts.PostsRepositoryTest] from class [org.springframework.boot.test.context.SpringBootTestContextBootstrapper]
18:43:12.351 [Test worker] INFO org.springframework.boot.test.context.SpringBootTestContextBootstrapper - Neither @ContextConfiguration nor @ContextHierarchy found for test class [com.lopic.boot.springboot.web.domain.posts.PostsRepositoryTest], using SpringBootContextLoader
18:43:12.360 [Test worker] DEBUG org.springframework.test.context.support.AbstractContextLoader - Did not detect default resource location for test class [com.lopic.boot.springboot.web.domain.posts.PostsRepositoryTest]: class path resource [com/lopic/boot/springboot/web/domain/posts/PostsRepositoryTest-context.xml] does not exist
18:43:12.360 [Test worker] DEBUG org.springframework.test.context.support.AbstractContextLoader - Did not detect default resource location for test class [com.lopic.boot.springboot.web.domain.posts.PostsRepositoryTest]: class path resource [com/lopic/boot/springboot/web/domain/posts/PostsRepositoryTestContext.groovy] does not exist
18:43:12.361 [Test worker] INFO org.springframework.test.context.support.AbstractContextLoader - Could not detect default resource locations for test class [com.lopic.boot.springboot.web.domain.posts.PostsRepositoryTest]: no resource found for suffixes {-context.xml, Context.groovy}.
18:43:12.365 [Test worker] INFO org.springframework.test.context.support.AnnotationConfigContextLoaderUtils - Could not detect default configuration classes for test class [com.lopic.boot.springboot.web.domain.posts.PostsRepositoryTest]: PostsRepositoryTest does not declare any static, non-private, non-final, nested classes annotated with @Configuration.
18:43:12.425 [Test worker] DEBUG org.springframework.test.context.support.ActiveProfilesUtils - Could not find an 'annotation declaring class' for annotation type [org.springframework.test.context.ActiveProfiles] and class [com.lopic.boot.springboot.web.domain.posts.PostsRepositoryTest]
18:43:12.572 [Test worker] DEBUG org.springframework.context.annotation.ClassPathScanningCandidateComponentProvider - Identified candidate component class: file [C:\Users\dmbtv\IdeaProjects\springboot_service\build\classes\java\main\com\lopic\boot\springboot\Application.class]
18:43:12.573 [Test worker] INFO org.springframework.boot.test.context.SpringBootTestContextBootstrapper - Found @SpringBootConfiguration com.lopic.boot.springboot.Application for test class com.lopic.boot.springboot.web.domain.posts.PostsRepositoryTest
18:43:12.729 [Test worker] DEBUG org.springframework.boot.test.context.SpringBootTestContextBootstrapper - @TestExecutionListeners is not present for class [com.lopic.boot.springboot.web.domain.posts.PostsRepositoryTest]: using defaults.
18:43:12.730 [Test worker] INFO org.springframework.boot.test.context.SpringBootTestContextBootstrapper - Loaded default TestExecutionListener class names from location [META-INF/spring.factories]: [org.springframework.security.test.context.support.WithSecurityContextTestExecutionListener, org.springframework.security.test.context.support.ReactorContextTestExecutionListener, org.springframework.boot.test.autoconfigure.restdocs.RestDocsTestExecutionListener, org.springframework.boot.test.autoconfigure.web.client.MockRestServiceServerResetTestExecutionListener, org.springframework.boot.test.autoconfigure.web.servlet.MockMvcPrintOnlyOnFailureTestExecutionListener, org.springframework.boot.test.autoconfigure.web.servlet.WebDriverTestExecutionListener, org.springframework.boot.test.mock.mockito.MockitoTestExecutionListener, org.springframework.boot.test.mock.mockito.ResetMocksTestExecutionListener, org.springframework.test.context.web.ServletTestExecutionListener, org.springframework.test.context.support.DirtiesContextBeforeModesTestExecutionListener, org.springframework.test.context.support.DependencyInjectionTestExecutionListener, org.springframework.test.context.support.DirtiesContextTestExecutionListener, org.springframework.test.context.transaction.TransactionalTestExecutionListener, org.springframework.test.context.jdbc.SqlScriptsTestExecutionListener]
18:43:12.764 [Test worker] INFO org.springframework.boot.test.context.SpringBootTestContextBootstrapper - Using TestExecutionListeners: [org.springframework.test.context.web.ServletTestExecutionListener@59ba1b3f, org.springframework.test.context.support.DirtiesContextBeforeModesTestExecutionListener@3d5a9e6c, org.springframework.boot.test.mock.mockito.MockitoTestExecutionListener@19b95324, org.springframework.boot.test.autoconfigure.SpringBootDependencyInjectionTestExecutionListener@2ebc62ab, org.springframework.test.context.support.DirtiesContextTestExecutionListener@2756e7a0, org.springframework.test.context.transaction.TransactionalTestExecutionListener@4e96a4d8, org.springframework.test.context.jdbc.SqlScriptsTestExecutionListener@1de5ee5d, org.springframework.security.test.context.support.WithSecurityContextTestExecutionListener@50816e70, org.springframework.security.test.context.support.ReactorContextTestExecutionListener@40fae827, org.springframework.boot.test.autoconfigure.restdocs.RestDocsTestExecutionListener@3b313484, org.springframework.boot.test.autoconfigure.web.client.MockRestServiceServerResetTestExecutionListener@914a2b9, org.springframework.boot.test.autoconfigure.web.servlet.MockMvcPrintOnlyOnFailureTestExecutionListener@52bdaf05, org.springframework.boot.test.autoconfigure.web.servlet.WebDriverTestExecutionListener@4591dea5, org.springframework.boot.test.mock.mockito.ResetMocksTestExecutionListener@77b65787]
18:43:12.770 [Test worker] DEBUG org.springframework.test.annotation.ProfileValueUtils - Retrieved @ProfileValueSourceConfiguration [null] for test class [com.lopic.boot.springboot.web.domain.posts.PostsRepositoryTest]
18:43:12.771 [Test worker] DEBUG org.springframework.test.annotation.ProfileValueUtils - Retrieved ProfileValueSource type [class org.springframework.test.annotation.SystemProfileValueSource] for class [com.lopic.boot.springboot.web.domain.posts.PostsRepositoryTest]
18:43:12.774 [Test worker] DEBUG org.springframework.test.annotation.ProfileValueUtils - Retrieved @ProfileValueSourceConfiguration [null] for test class [com.lopic.boot.springboot.web.domain.posts.PostsRepositoryTest]
18:43:12.774 [Test worker] DEBUG org.springframework.test.annotation.ProfileValueUtils - Retrieved ProfileValueSource type [class org.springframework.test.annotation.SystemProfileValueSource] for class [com.lopic.boot.springboot.web.domain.posts.PostsRepositoryTest]
18:43:12.781 [Test worker] DEBUG org.springframework.test.context.support.AbstractDirtiesContextTestExecutionListener - Before test class: context [DefaultTestContext@118ef552 testClass = PostsRepositoryTest, testInstance = [null], testMethod = [null], testException = [null], mergedContextConfiguration = [WebMergedContextConfiguration@4062083 testClass = PostsRepositoryTest, locations = '{}', classes = '{class com.lopic.boot.springboot.Application}', contextInitializerClasses = '[]', activeProfiles = '{}', propertySourceLocations = '{}', propertySourceProperties = '{org.springframework.boot.test.context.SpringBootTestContextBootstrapper=true}', contextCustomizers = set[org.springframework.boot.test.autoconfigure.properties.PropertyMappingContextCustomizer@0, org.springframework.boot.test.autoconfigure.web.servlet.WebDriverContextCustomizerFactory$Customizer@23a8c167, org.springframework.boot.test.context.filter.ExcludeFilterContextCustomizer@68d241fd, org.springframework.boot.test.json.DuplicateJsonObjectContextCustomizerFactory$DuplicateJsonObjectContextCustomizer@42ad67b5, org.springframework.boot.test.mock.mockito.MockitoContextCustomizer@0, org.springframework.boot.test.web.client.TestRestTemplateContextCustomizer@1672da73], resourceBasePath = 'src/main/webapp', contextLoader = 'org.springframework.boot.test.context.SpringBootContextLoader', parent = [null]], attributes = map['org.springframework.test.context.web.ServletTestExecutionListener.activateListener' -> true]], class annotated with @DirtiesContext [false] with mode [null].
18:43:12.782 [Test worker] DEBUG org.springframework.test.annotation.ProfileValueUtils - Retrieved @ProfileValueSourceConfiguration [null] for test class [com.lopic.boot.springboot.web.domain.posts.PostsRepositoryTest]
18:43:12.782 [Test worker] DEBUG org.springframework.test.annotation.ProfileValueUtils - Retrieved ProfileValueSource type [class org.springframework.test.annotation.SystemProfileValueSource] for class [com.lopic.boot.springboot.web.domain.posts.PostsRepositoryTest]
18:43:12.818 [Test worker] DEBUG org.springframework.test.context.support.TestPropertySourceUtils - Adding inlined properties to environment: {spring.jmx.enabled=false, org.springframework.boot.test.context.SpringBootTestContextBootstrapper=true, server.port=-1}

  .   ____          _            __ _ _
 /\\ / ___'_ __ _ _(_)_ __  __ _ \ \ \ \
( ( )\___ | '_ | '_| | '_ \/ _` | \ \ \ \
 \\/  ___)| |_)| | | | | || (_| |  ) ) ) )
  '  |____| .__|_| |_|_| |_\__, | / / / /
 =========|_|==============|___/=/_/_/_/
 :: Spring Boot ::        (v2.1.7.RELEASE)

2020-01-06 18:43:13.259  INFO 30740 --- [    Test worker] c.l.b.s.w.d.posts.PostsRepositoryTest    : Starting PostsRepositoryTest on DESKTOP-2DC37PS with PID 30740 (started by dmbtv in C:\Users\dmbtv\IdeaProjects\springboot_service)
2020-01-06 18:43:13.261  INFO 30740 --- [    Test worker] c.l.b.s.w.d.posts.PostsRepositoryTest    : No active profile set, falling back to default profiles: default
2020-01-06 18:43:14.782  INFO 30740 --- [    Test worker] .s.d.r.c.RepositoryConfigurationDelegate : Bootstrapping Spring Data repositories in DEFAULT mode.
2020-01-06 18:43:14.892  INFO 30740 --- [    Test worker] .s.d.r.c.RepositoryConfigurationDelegate : Finished Spring Data repository scanning in 97ms. Found 2 repository interfaces.
2020-01-06 18:43:15.622  INFO 30740 --- [    Test worker] trationDelegate$BeanPostProcessorChecker : Bean 'org.springframework.transaction.annotation.ProxyTransactionManagementConfiguration' of type [org.springframework.transaction.annotation.ProxyTransactionManagementConfiguration$$EnhancerBySpringCGLIB$$fd2e79f9] is not eligible for getting processed by all BeanPostProcessors (for example: not eligible for auto-proxying)
2020-01-06 18:43:16.030  INFO 30740 --- [    Test worker] com.zaxxer.hikari.HikariDataSource       : HikariPool-1 - Starting...
2020-01-06 18:43:16.254  INFO 30740 --- [    Test worker] com.zaxxer.hikari.HikariDataSource       : HikariPool-1 - Start completed.
2020-01-06 18:43:16.441  INFO 30740 --- [    Test worker] o.hibernate.jpa.internal.util.LogHelper  : HHH000204: Processing PersistenceUnitInfo [
	name: default
	...]
2020-01-06 18:43:16.573  INFO 30740 --- [    Test worker] org.hibernate.Version                    : HHH000412: Hibernate Core {5.3.10.Final}
2020-01-06 18:43:16.578  INFO 30740 --- [    Test worker] org.hibernate.cfg.Environment            : HHH000206: hibernate.properties not found
2020-01-06 18:43:16.810  INFO 30740 --- [    Test worker] o.hibernate.annotations.common.Version   : HCANN000001: Hibernate Commons Annotations {5.0.4.Final}
2020-01-06 18:43:17.062  INFO 30740 --- [    Test worker] org.hibernate.dialect.Dialect            : HHH000400: Using dialect: org.hibernate.dialect.H2Dialect
2020-01-06 18:43:18.173  INFO 30740 --- [    Test worker] o.h.t.schema.internal.SchemaCreatorImpl  : HHH000476: Executing import script 'org.hibernate.tool.schema.internal.exec.ScriptSourceInputNonExistentImpl@38c96a78'
2020-01-06 18:43:18.179  INFO 30740 --- [    Test worker] j.LocalContainerEntityManagerFactoryBean : Initialized JPA EntityManagerFactory for persistence unit 'default'
2020-01-06 18:43:18.983  INFO 30740 --- [    Test worker] o.h.h.i.QueryTranslatorFactoryInitiator  : HHH000397: Using ASTQueryTranslatorFactory
2020-01-06 18:43:19.810  INFO 30740 --- [    Test worker] o.s.s.web.DefaultSecurityFilterChain     : Creating filter chain: any request, [org.springframework.security.web.context.request.async.WebAsyncManagerIntegrationFilter@16f8a873, org.springframework.security.web.context.SecurityContextPersistenceFilter@31113dbf, org.springframework.security.web.header.HeaderWriterFilter@2a503ed7, org.springframework.security.web.authentication.logout.LogoutFilter@3def03e7, org.springframework.security.oauth2.client.web.OAuth2AuthorizationRequestRedirectFilter@5f6ddc45, org.springframework.security.oauth2.client.web.OAuth2LoginAuthenticationFilter@3c23d8e2, org.springframework.security.web.authentication.ui.DefaultLoginPageGeneratingFilter@14d8a5d0, org.springframework.security.web.authentication.ui.DefaultLogoutPageGeneratingFilter@60ffb23e, org.springframework.security.web.savedrequest.RequestCacheAwareFilter@610e1f2e, org.springframework.security.web.servletapi.SecurityContextHolderAwareRequestFilter@44297bd4, org.springframework.security.web.authentication.AnonymousAuthenticationFilter@21ff4d17, org.springframework.security.web.session.SessionManagementFilter@21eb1580, org.springframework.security.web.access.ExceptionTranslationFilter@3c409bb1, org.springframework.security.web.access.intercept.FilterSecurityInterceptor@2d635297]
2020-01-06 18:43:20.808  INFO 30740 --- [    Test worker] o.s.s.concurrent.ThreadPoolTaskExecutor  : Initializing ExecutorService 'applicationTaskExecutor'
2020-01-06 18:43:20.889  WARN 30740 --- [    Test worker] aWebConfiguration$JpaWebMvcConfiguration : spring.jpa.open-in-view is enabled by default. Therefore, database queries may be performed during view rendering. Explicitly configure spring.jpa.open-in-view to disable this warning
2020-01-06 18:43:20.956  INFO 30740 --- [    Test worker] o.s.b.a.w.s.WelcomePageHandlerMapping    : Adding welcome page template: index
2020-01-06 18:43:21.678  INFO 30740 --- [    Test worker] s.a.ScheduledAnnotationBeanPostProcessor : No TaskScheduler/ScheduledExecutorService bean found for scheduled processing
2020-01-06 18:43:21.697  INFO 30740 --- [    Test worker] c.l.b.s.w.d.posts.PostsRepositoryTest    : Started PostsRepositoryTest in 8.867 seconds (JVM running for 10.559)
>>>>>>>>> createDate = 2020-01-06T18:43:22.198, modifiedDate = 2020-01-06T18:43:22.198
]]></system-out>
  <system-err><![CDATA[]]></system-err>
</testsuite>
