<?xml version="1.0" encoding="UTF-8"?>
<testsuite name="com.lopic.boot.springboot.web.HelloControllerTest" tests="2" skipped="0" failures="0" errors="0" timestamp="2020-01-05T00:40:09" hostname="DESKTOP-2DC37PS" time="0.135">
  <properties/>
  <testcase name="hello가_리턴된다" classname="com.lopic.boot.springboot.web.HelloControllerTest" time="0.036"/>
  <testcase name="helloDto가_리턴된다" classname="com.lopic.boot.springboot.web.HelloControllerTest" time="0.098"/>
  <system-out><![CDATA[2020-01-05 09:40:08.043  INFO 47492 --- [    Test worker] .b.t.a.w.s.WebMvcTestContextBootstrapper : Neither @ContextConfiguration nor @ContextHierarchy found for test class [com.lopic.boot.springboot.web.HelloControllerTest], using SpringBootContextLoader
2020-01-05 09:40:08.045  INFO 47492 --- [    Test worker] o.s.t.c.support.AbstractContextLoader    : Could not detect default resource locations for test class [com.lopic.boot.springboot.web.HelloControllerTest]: no resource found for suffixes {-context.xml, Context.groovy}.
2020-01-05 09:40:08.046  INFO 47492 --- [    Test worker] t.c.s.AnnotationConfigContextLoaderUtils : Could not detect default configuration classes for test class [com.lopic.boot.springboot.web.HelloControllerTest]: HelloControllerTest does not declare any static, non-private, non-final, nested classes annotated with @Configuration.
2020-01-05 09:40:08.063  INFO 47492 --- [    Test worker] .b.t.c.SpringBootTestContextBootstrapper : Found @SpringBootConfiguration com.lopic.boot.springboot.Application for test class com.lopic.boot.springboot.web.HelloControllerTest
2020-01-05 09:40:08.064  INFO 47492 --- [    Test worker] .b.t.a.w.s.WebMvcTestContextBootstrapper : Loaded default TestExecutionListener class names from location [META-INF/spring.factories]: [org.springframework.security.test.context.support.WithSecurityContextTestExecutionListener, org.springframework.security.test.context.support.ReactorContextTestExecutionListener, org.springframework.boot.test.autoconfigure.restdocs.RestDocsTestExecutionListener, org.springframework.boot.test.autoconfigure.web.client.MockRestServiceServerResetTestExecutionListener, org.springframework.boot.test.autoconfigure.web.servlet.MockMvcPrintOnlyOnFailureTestExecutionListener, org.springframework.boot.test.autoconfigure.web.servlet.WebDriverTestExecutionListener, org.springframework.boot.test.mock.mockito.MockitoTestExecutionListener, org.springframework.boot.test.mock.mockito.ResetMocksTestExecutionListener, org.springframework.test.context.web.ServletTestExecutionListener, org.springframework.test.context.support.DirtiesContextBeforeModesTestExecutionListener, org.springframework.test.context.support.DependencyInjectionTestExecutionListener, org.springframework.test.context.support.DirtiesContextTestExecutionListener, org.springframework.test.context.transaction.TransactionalTestExecutionListener, org.springframework.test.context.jdbc.SqlScriptsTestExecutionListener]
2020-01-05 09:40:08.066  INFO 47492 --- [    Test worker] .b.t.a.w.s.WebMvcTestContextBootstrapper : Using TestExecutionListeners: [org.springframework.test.context.web.ServletTestExecutionListener@3fc47376, org.springframework.test.context.support.DirtiesContextBeforeModesTestExecutionListener@f3ddac5, org.springframework.boot.test.mock.mockito.MockitoTestExecutionListener@4698cc7d, org.springframework.boot.test.autoconfigure.SpringBootDependencyInjectionTestExecutionListener@1c5ad863, org.springframework.test.context.support.DirtiesContextTestExecutionListener@19475d, org.springframework.test.context.transaction.TransactionalTestExecutionListener@61135e69, org.springframework.test.context.jdbc.SqlScriptsTestExecutionListener@61e89d12, org.springframework.security.test.context.support.WithSecurityContextTestExecutionListener@2bbbd88c, org.springframework.security.test.context.support.ReactorContextTestExecutionListener@61525109, org.springframework.boot.test.autoconfigure.restdocs.RestDocsTestExecutionListener@1ac9bb5c, org.springframework.boot.test.autoconfigure.web.client.MockRestServiceServerResetTestExecutionListener@3f6ca51a, org.springframework.boot.test.autoconfigure.web.servlet.MockMvcPrintOnlyOnFailureTestExecutionListener@4ae665c3, org.springframework.boot.test.autoconfigure.web.servlet.WebDriverTestExecutionListener@394fbf8f, org.springframework.boot.test.mock.mockito.ResetMocksTestExecutionListener@6e8be0a1]

  .   ____          _            __ _ _
 /\\ / ___'_ __ _ _(_)_ __  __ _ \ \ \ \
( ( )\___ | '_ | '_| | '_ \/ _` | \ \ \ \
 \\/  ___)| |_)| | | | | || (_| |  ) ) ) )
  '  |____| .__|_| |_|_| |_\__, | / / / /
 =========|_|==============|___/=/_/_/_/
 :: Spring Boot ::        (v2.1.7.RELEASE)

2020-01-05 09:40:08.123  INFO 47492 --- [    Test worker] c.l.b.s.web.HelloControllerTest          : Starting HelloControllerTest on DESKTOP-2DC37PS with PID 47492 (started by dmbtv in C:\Users\dmbtv\IdeaProjects\springboot_service)
2020-01-05 09:40:08.124  INFO 47492 --- [    Test worker] c.l.b.s.web.HelloControllerTest          : No active profile set, falling back to default profiles: default
2020-01-05 09:40:08.719  INFO 47492 --- [    Test worker] o.s.s.concurrent.ThreadPoolTaskExecutor  : Initializing ExecutorService 'applicationTaskExecutor'
2020-01-05 09:40:08.763  INFO 47492 --- [    Test worker] o.s.b.a.w.s.WelcomePageHandlerMapping    : Adding welcome page template: index
2020-01-05 09:40:09.024  INFO 47492 --- [    Test worker] .s.s.UserDetailsServiceAutoConfiguration : 

Using generated security password: ffe54616-f400-4229-8dc0-6b443bad89d4

2020-01-05 09:40:09.206  INFO 47492 --- [    Test worker] o.s.s.web.DefaultSecurityFilterChain     : Creating filter chain: any request, [org.springframework.security.web.context.request.async.WebAsyncManagerIntegrationFilter@16e1676a, org.springframework.security.web.context.SecurityContextPersistenceFilter@55902870, org.springframework.security.web.header.HeaderWriterFilter@77dfa8c1, org.springframework.security.web.csrf.CsrfFilter@45ca8ff, org.springframework.security.web.authentication.logout.LogoutFilter@76ed880e, org.springframework.security.web.authentication.UsernamePasswordAuthenticationFilter@73a1f0, org.springframework.security.web.authentication.ui.DefaultLoginPageGeneratingFilter@31235e98, org.springframework.security.web.authentication.ui.DefaultLogoutPageGeneratingFilter@6dc44cdb, org.springframework.security.web.authentication.www.BasicAuthenticationFilter@77036717, org.springframework.security.web.savedrequest.RequestCacheAwareFilter@2407a6b, org.springframework.security.web.servletapi.SecurityContextHolderAwareRequestFilter@8d35342, org.springframework.security.web.authentication.AnonymousAuthenticationFilter@193b5ab, org.springframework.security.web.session.SessionManagementFilter@16a5fd95, org.springframework.security.web.access.ExceptionTranslationFilter@307cff66, org.springframework.security.web.access.intercept.FilterSecurityInterceptor@53cf332b]
2020-01-05 09:40:09.258  INFO 47492 --- [    Test worker] o.s.b.t.m.w.SpringBootMockServletContext : Initializing Spring TestDispatcherServlet ''
2020-01-05 09:40:09.259  INFO 47492 --- [    Test worker] o.s.t.web.servlet.TestDispatcherServlet  : Initializing Servlet ''
2020-01-05 09:40:09.272  INFO 47492 --- [    Test worker] o.s.t.web.servlet.TestDispatcherServlet  : Completed initialization in 13 ms
2020-01-05 09:40:09.303  INFO 47492 --- [    Test worker] c.l.b.s.web.HelloControllerTest          : Started HelloControllerTest in 1.234 seconds (JVM running for 13.936)
]]></system-out>
  <system-err><![CDATA[]]></system-err>
</testsuite>
