<?xml version="1.0" encoding="UTF-8"?>
<testsuite name="com.lopic.boot.springboot.web.domain.posts.PostsRepositoryTest" tests="2" skipped="0" failures="0" errors="0" timestamp="2020-01-08T15:54:57" hostname="DESKTOP-2DC37PS" time="0.307">
  <properties/>
  <testcase name="게시글저장_불러오기" classname="com.lopic.boot.springboot.web.domain.posts.PostsRepositoryTest" time="0.294"/>
  <testcase name="BaseTimeEntity_등록" classname="com.lopic.boot.springboot.web.domain.posts.PostsRepositoryTest" time="0.011"/>
  <system-out><![CDATA[00:54:50.051 [Test worker] DEBUG org.springframework.test.context.junit4.SpringJUnit4ClassRunner - SpringJUnit4ClassRunner constructor called with [class com.lopic.boot.springboot.web.domain.posts.PostsRepositoryTest]
00:54:50.062 [Test worker] DEBUG org.springframework.test.context.BootstrapUtils - Instantiating CacheAwareContextLoaderDelegate from class [org.springframework.test.context.cache.DefaultCacheAwareContextLoaderDelegate]
00:54:50.079 [Test worker] DEBUG org.springframework.test.context.BootstrapUtils - Instantiating BootstrapContext using constructor [public org.springframework.test.context.support.DefaultBootstrapContext(java.lang.Class,org.springframework.test.context.CacheAwareContextLoaderDelegate)]
00:54:50.107 [Test worker] DEBUG org.springframework.test.context.BootstrapUtils - Instantiating TestContextBootstrapper for test class [com.lopic.boot.springboot.web.domain.posts.PostsRepositoryTest] from class [org.springframework.boot.test.context.SpringBootTestContextBootstrapper]
00:54:50.129 [Test worker] INFO org.springframework.boot.test.context.SpringBootTestContextBootstrapper - Neither @ContextConfiguration nor @ContextHierarchy found for test class [com.lopic.boot.springboot.web.domain.posts.PostsRepositoryTest], using SpringBootContextLoader
00:54:50.134 [Test worker] DEBUG org.springframework.test.context.support.AbstractContextLoader - Did not detect default resource location for test class [com.lopic.boot.springboot.web.domain.posts.PostsRepositoryTest]: class path resource [com/lopic/boot/springboot/web/domain/posts/PostsRepositoryTest-context.xml] does not exist
00:54:50.134 [Test worker] DEBUG org.springframework.test.context.support.AbstractContextLoader - Did not detect default resource location for test class [com.lopic.boot.springboot.web.domain.posts.PostsRepositoryTest]: class path resource [com/lopic/boot/springboot/web/domain/posts/PostsRepositoryTestContext.groovy] does not exist
00:54:50.135 [Test worker] INFO org.springframework.test.context.support.AbstractContextLoader - Could not detect default resource locations for test class [com.lopic.boot.springboot.web.domain.posts.PostsRepositoryTest]: no resource found for suffixes {-context.xml, Context.groovy}.
00:54:50.137 [Test worker] INFO org.springframework.test.context.support.AnnotationConfigContextLoaderUtils - Could not detect default configuration classes for test class [com.lopic.boot.springboot.web.domain.posts.PostsRepositoryTest]: PostsRepositoryTest does not declare any static, non-private, non-final, nested classes annotated with @Configuration.
00:54:50.193 [Test worker] DEBUG org.springframework.test.context.support.ActiveProfilesUtils - Could not find an 'annotation declaring class' for annotation type [org.springframework.test.context.ActiveProfiles] and class [com.lopic.boot.springboot.web.domain.posts.PostsRepositoryTest]
00:54:50.334 [Test worker] DEBUG org.springframework.context.annotation.ClassPathScanningCandidateComponentProvider - Identified candidate component class: file [C:\Users\dmbtv\IdeaProjects\springboot_service\build\classes\java\main\com\lopic\boot\springboot\Application.class]
00:54:50.336 [Test worker] INFO org.springframework.boot.test.context.SpringBootTestContextBootstrapper - Found @SpringBootConfiguration com.lopic.boot.springboot.Application for test class com.lopic.boot.springboot.web.domain.posts.PostsRepositoryTest
00:54:50.460 [Test worker] DEBUG org.springframework.boot.test.context.SpringBootTestContextBootstrapper - @TestExecutionListeners is not present for class [com.lopic.boot.springboot.web.domain.posts.PostsRepositoryTest]: using defaults.
00:54:50.461 [Test worker] INFO org.springframework.boot.test.context.SpringBootTestContextBootstrapper - Loaded default TestExecutionListener class names from location [META-INF/spring.factories]: [org.springframework.security.test.context.support.WithSecurityContextTestExecutionListener, org.springframework.security.test.context.support.ReactorContextTestExecutionListener, org.springframework.boot.test.autoconfigure.restdocs.RestDocsTestExecutionListener, org.springframework.boot.test.autoconfigure.web.client.MockRestServiceServerResetTestExecutionListener, org.springframework.boot.test.autoconfigure.web.servlet.MockMvcPrintOnlyOnFailureTestExecutionListener, org.springframework.boot.test.autoconfigure.web.servlet.WebDriverTestExecutionListener, org.springframework.boot.test.mock.mockito.MockitoTestExecutionListener, org.springframework.boot.test.mock.mockito.ResetMocksTestExecutionListener, org.springframework.test.context.web.ServletTestExecutionListener, org.springframework.test.context.support.DirtiesContextBeforeModesTestExecutionListener, org.springframework.test.context.support.DependencyInjectionTestExecutionListener, org.springframework.test.context.support.DirtiesContextTestExecutionListener, org.springframework.test.context.transaction.TransactionalTestExecutionListener, org.springframework.test.context.jdbc.SqlScriptsTestExecutionListener]
00:54:50.491 [Test worker] INFO org.springframework.boot.test.context.SpringBootTestContextBootstrapper - Using TestExecutionListeners: [org.springframework.test.context.web.ServletTestExecutionListener@59ba1b3f, org.springframework.test.context.support.DirtiesContextBeforeModesTestExecutionListener@3d5a9e6c, org.springframework.boot.test.mock.mockito.MockitoTestExecutionListener@19b95324, org.springframework.boot.test.autoconfigure.SpringBootDependencyInjectionTestExecutionListener@2ebc62ab, org.springframework.test.context.support.DirtiesContextTestExecutionListener@2756e7a0, org.springframework.test.context.transaction.TransactionalTestExecutionListener@4e96a4d8, org.springframework.test.context.jdbc.SqlScriptsTestExecutionListener@1de5ee5d, org.springframework.security.test.context.support.WithSecurityContextTestExecutionListener@50816e70, org.springframework.security.test.context.support.ReactorContextTestExecutionListener@40fae827, org.springframework.boot.test.autoconfigure.restdocs.RestDocsTestExecutionListener@3b313484, org.springframework.boot.test.autoconfigure.web.client.MockRestServiceServerResetTestExecutionListener@914a2b9, org.springframework.boot.test.autoconfigure.web.servlet.MockMvcPrintOnlyOnFailureTestExecutionListener@52bdaf05, org.springframework.boot.test.autoconfigure.web.servlet.WebDriverTestExecutionListener@4591dea5, org.springframework.boot.test.mock.mockito.ResetMocksTestExecutionListener@77b65787]
00:54:50.495 [Test worker] DEBUG org.springframework.test.annotation.ProfileValueUtils - Retrieved @ProfileValueSourceConfiguration [null] for test class [com.lopic.boot.springboot.web.domain.posts.PostsRepositoryTest]
00:54:50.495 [Test worker] DEBUG org.springframework.test.annotation.ProfileValueUtils - Retrieved ProfileValueSource type [class org.springframework.test.annotation.SystemProfileValueSource] for class [com.lopic.boot.springboot.web.domain.posts.PostsRepositoryTest]
00:54:50.496 [Test worker] DEBUG org.springframework.test.annotation.ProfileValueUtils - Retrieved @ProfileValueSourceConfiguration [null] for test class [com.lopic.boot.springboot.web.domain.posts.PostsRepositoryTest]
00:54:50.496 [Test worker] DEBUG org.springframework.test.annotation.ProfileValueUtils - Retrieved ProfileValueSource type [class org.springframework.test.annotation.SystemProfileValueSource] for class [com.lopic.boot.springboot.web.domain.posts.PostsRepositoryTest]
00:54:50.502 [Test worker] DEBUG org.springframework.test.context.support.AbstractDirtiesContextTestExecutionListener - Before test class: context [DefaultTestContext@118ef552 testClass = PostsRepositoryTest, testInstance = [null], testMethod = [null], testException = [null], mergedContextConfiguration = [WebMergedContextConfiguration@4062083 testClass = PostsRepositoryTest, locations = '{}', classes = '{class com.lopic.boot.springboot.Application}', contextInitializerClasses = '[]', activeProfiles = '{}', propertySourceLocations = '{}', propertySourceProperties = '{org.springframework.boot.test.context.SpringBootTestContextBootstrapper=true}', contextCustomizers = set[org.springframework.boot.test.autoconfigure.properties.PropertyMappingContextCustomizer@0, org.springframework.boot.test.autoconfigure.web.servlet.WebDriverContextCustomizerFactory$Customizer@23a8c167, org.springframework.boot.test.context.filter.ExcludeFilterContextCustomizer@68d241fd, org.springframework.boot.test.json.DuplicateJsonObjectContextCustomizerFactory$DuplicateJsonObjectContextCustomizer@42ad67b5, org.springframework.boot.test.mock.mockito.MockitoContextCustomizer@0, org.springframework.boot.test.web.client.TestRestTemplateContextCustomizer@1672da73], resourceBasePath = 'src/main/webapp', contextLoader = 'org.springframework.boot.test.context.SpringBootContextLoader', parent = [null]], attributes = map['org.springframework.test.context.web.ServletTestExecutionListener.activateListener' -> true]], class annotated with @DirtiesContext [false] with mode [null].
00:54:50.503 [Test worker] DEBUG org.springframework.test.annotation.ProfileValueUtils - Retrieved @ProfileValueSourceConfiguration [null] for test class [com.lopic.boot.springboot.web.domain.posts.PostsRepositoryTest]
00:54:50.503 [Test worker] DEBUG org.springframework.test.annotation.ProfileValueUtils - Retrieved ProfileValueSource type [class org.springframework.test.annotation.SystemProfileValueSource] for class [com.lopic.boot.springboot.web.domain.posts.PostsRepositoryTest]
00:54:50.536 [Test worker] DEBUG org.springframework.test.context.support.TestPropertySourceUtils - Adding inlined properties to environment: {spring.jmx.enabled=false, org.springframework.boot.test.context.SpringBootTestContextBootstrapper=true, server.port=-1}

  .   ____          _            __ _ _
 /\\ / ___'_ __ _ _(_)_ __  __ _ \ \ \ \
( ( )\___ | '_ | '_| | '_ \/ _` | \ \ \ \
 \\/  ___)| |_)| | | | | || (_| |  ) ) ) )
  '  |____| .__|_| |_|_| |_\__, | / / / /
 =========|_|==============|___/=/_/_/_/
 :: Spring Boot ::        (v2.1.7.RELEASE)

2020-01-09 00:54:50.852  INFO 35740 --- [    Test worker] c.l.b.s.w.d.posts.PostsRepositoryTest    : Starting PostsRepositoryTest on DESKTOP-2DC37PS with PID 35740 (started by dmbtv in C:\Users\dmbtv\IdeaProjects\springboot_service)
2020-01-09 00:54:50.855  INFO 35740 --- [    Test worker] c.l.b.s.w.d.posts.PostsRepositoryTest    : No active profile set, falling back to default profiles: default
2020-01-09 00:54:51.904  INFO 35740 --- [    Test worker] .s.d.r.c.RepositoryConfigurationDelegate : Bootstrapping Spring Data repositories in DEFAULT mode.
2020-01-09 00:54:52.004  INFO 35740 --- [    Test worker] .s.d.r.c.RepositoryConfigurationDelegate : Finished Spring Data repository scanning in 92ms. Found 2 repository interfaces.
2020-01-09 00:54:52.561  INFO 35740 --- [    Test worker] trationDelegate$BeanPostProcessorChecker : Bean 'org.springframework.transaction.annotation.ProxyTransactionManagementConfiguration' of type [org.springframework.transaction.annotation.ProxyTransactionManagementConfiguration$$EnhancerBySpringCGLIB$$9683c8d4] is not eligible for getting processed by all BeanPostProcessors (for example: not eligible for auto-proxying)
2020-01-09 00:54:52.870  INFO 35740 --- [    Test worker] com.zaxxer.hikari.HikariDataSource       : HikariPool-1 - Starting...
2020-01-09 00:54:53.063  INFO 35740 --- [    Test worker] com.zaxxer.hikari.HikariDataSource       : HikariPool-1 - Start completed.
2020-01-09 00:54:53.174  INFO 35740 --- [    Test worker] o.hibernate.jpa.internal.util.LogHelper  : HHH000204: Processing PersistenceUnitInfo [
	name: default
	...]
2020-01-09 00:54:53.279  INFO 35740 --- [    Test worker] org.hibernate.Version                    : HHH000412: Hibernate Core {5.3.10.Final}
2020-01-09 00:54:53.282  INFO 35740 --- [    Test worker] org.hibernate.cfg.Environment            : HHH000206: hibernate.properties not found
2020-01-09 00:54:53.499  INFO 35740 --- [    Test worker] o.hibernate.annotations.common.Version   : HCANN000001: Hibernate Commons Annotations {5.0.4.Final}
2020-01-09 00:54:53.729  INFO 35740 --- [    Test worker] org.hibernate.dialect.Dialect            : HHH000400: Using dialect: org.hibernate.dialect.H2Dialect
2020-01-09 00:54:54.674  INFO 35740 --- [    Test worker] o.h.t.schema.internal.SchemaCreatorImpl  : HHH000476: Executing import script 'org.hibernate.tool.schema.internal.exec.ScriptSourceInputNonExistentImpl@35a62215'
2020-01-09 00:54:54.679  INFO 35740 --- [    Test worker] j.LocalContainerEntityManagerFactoryBean : Initialized JPA EntityManagerFactory for persistence unit 'default'
2020-01-09 00:54:55.391  INFO 35740 --- [    Test worker] o.h.h.i.QueryTranslatorFactoryInitiator  : HHH000397: Using ASTQueryTranslatorFactory
2020-01-09 00:54:56.196  INFO 35740 --- [    Test worker] o.s.s.web.DefaultSecurityFilterChain     : Creating filter chain: any request, [org.springframework.security.web.context.request.async.WebAsyncManagerIntegrationFilter@21ff4d17, org.springframework.security.web.context.SecurityContextPersistenceFilter@482f6908, org.springframework.security.web.header.HeaderWriterFilter@75ce8caf, org.springframework.security.web.authentication.logout.LogoutFilter@39d63440, org.springframework.security.oauth2.client.web.OAuth2AuthorizationRequestRedirectFilter@7e200e0e, org.springframework.security.oauth2.client.web.OAuth2LoginAuthenticationFilter@33f1ae19, org.springframework.security.web.authentication.ui.DefaultLoginPageGeneratingFilter@1b209b44, org.springframework.security.web.authentication.ui.DefaultLogoutPageGeneratingFilter@21f7251d, org.springframework.security.web.savedrequest.RequestCacheAwareFilter@af9f380, org.springframework.security.web.servletapi.SecurityContextHolderAwareRequestFilter@2c13d28d, org.springframework.security.web.authentication.AnonymousAuthenticationFilter@721fba60, org.springframework.security.web.session.SessionManagementFilter@1b3657d4, org.springframework.security.web.access.ExceptionTranslationFilter@103f285a, org.springframework.security.web.access.intercept.FilterSecurityInterceptor@d880363]
2020-01-09 00:54:56.907  INFO 35740 --- [    Test worker] o.s.s.concurrent.ThreadPoolTaskExecutor  : Initializing ExecutorService 'applicationTaskExecutor'
2020-01-09 00:54:56.974  WARN 35740 --- [    Test worker] aWebConfiguration$JpaWebMvcConfiguration : spring.jpa.open-in-view is enabled by default. Therefore, database queries may be performed during view rendering. Explicitly configure spring.jpa.open-in-view to disable this warning
2020-01-09 00:54:57.036  INFO 35740 --- [    Test worker] o.s.b.a.w.s.WelcomePageHandlerMapping    : Adding welcome page template: index
2020-01-09 00:54:57.673  INFO 35740 --- [    Test worker] s.a.ScheduledAnnotationBeanPostProcessor : No TaskScheduler/ScheduledExecutorService bean found for scheduled processing
2020-01-09 00:54:57.684  INFO 35740 --- [    Test worker] c.l.b.s.w.d.posts.PostsRepositoryTest    : Started PostsRepositoryTest in 7.137 seconds (JVM running for 8.73)
>>>>>>>>> createDate = 2020-01-09T00:54:58.006, modifiedDate = 2020-01-09T00:54:58.006
]]></system-out>
  <system-err><![CDATA[]]></system-err>
</testsuite>
