<?xml version="1.0" encoding="UTF-8"?>
<testsuite name="com.lopic.boot.springboot.web.ProfileControllerTest" tests="1" skipped="0" failures="0" errors="0" timestamp="2020-04-27T23:50:20" hostname="DESKTOP-2DC37PS" time="0.545">
  <properties/>
  <testcase name="profile은_인증없이_호출된다" classname="com.lopic.boot.springboot.web.ProfileControllerTest" time="0.545"/>
  <system-out><![CDATA[08:50:04.540 [Test worker] DEBUG org.springframework.test.context.junit4.SpringJUnit4ClassRunner - SpringJUnit4ClassRunner constructor called with [class com.lopic.boot.springboot.web.ProfileControllerTest]
08:50:04.552 [Test worker] DEBUG org.springframework.test.context.BootstrapUtils - Instantiating CacheAwareContextLoaderDelegate from class [org.springframework.test.context.cache.DefaultCacheAwareContextLoaderDelegate]
08:50:04.570 [Test worker] DEBUG org.springframework.test.context.BootstrapUtils - Instantiating BootstrapContext using constructor [public org.springframework.test.context.support.DefaultBootstrapContext(java.lang.Class,org.springframework.test.context.CacheAwareContextLoaderDelegate)]
08:50:04.609 [Test worker] DEBUG org.springframework.test.context.BootstrapUtils - Instantiating TestContextBootstrapper for test class [com.lopic.boot.springboot.web.ProfileControllerTest] from class [org.springframework.boot.test.context.SpringBootTestContextBootstrapper]
08:50:04.645 [Test worker] INFO org.springframework.boot.test.context.SpringBootTestContextBootstrapper - Neither @ContextConfiguration nor @ContextHierarchy found for test class [com.lopic.boot.springboot.web.ProfileControllerTest], using SpringBootContextLoader
08:50:04.654 [Test worker] DEBUG org.springframework.test.context.support.AbstractContextLoader - Did not detect default resource location for test class [com.lopic.boot.springboot.web.ProfileControllerTest]: class path resource [com/lopic/boot/springboot/web/ProfileControllerTest-context.xml] does not exist
08:50:04.655 [Test worker] DEBUG org.springframework.test.context.support.AbstractContextLoader - Did not detect default resource location for test class [com.lopic.boot.springboot.web.ProfileControllerTest]: class path resource [com/lopic/boot/springboot/web/ProfileControllerTestContext.groovy] does not exist
08:50:04.656 [Test worker] INFO org.springframework.test.context.support.AbstractContextLoader - Could not detect default resource locations for test class [com.lopic.boot.springboot.web.ProfileControllerTest]: no resource found for suffixes {-context.xml, Context.groovy}.
08:50:04.657 [Test worker] INFO org.springframework.test.context.support.AnnotationConfigContextLoaderUtils - Could not detect default configuration classes for test class [com.lopic.boot.springboot.web.ProfileControllerTest]: ProfileControllerTest does not declare any static, non-private, non-final, nested classes annotated with @Configuration.
08:50:04.750 [Test worker] DEBUG org.springframework.test.context.support.ActiveProfilesUtils - Could not find an 'annotation declaring class' for annotation type [org.springframework.test.context.ActiveProfiles] and class [com.lopic.boot.springboot.web.ProfileControllerTest]
08:50:04.994 [Test worker] DEBUG org.springframework.context.annotation.ClassPathScanningCandidateComponentProvider - Identified candidate component class: file [C:\Users\dmbtv\IdeaProjects\springboot_service\build\classes\java\main\com\lopic\boot\springboot\Application.class]
08:50:04.997 [Test worker] INFO org.springframework.boot.test.context.SpringBootTestContextBootstrapper - Found @SpringBootConfiguration com.lopic.boot.springboot.Application for test class com.lopic.boot.springboot.web.ProfileControllerTest
08:50:05.221 [Test worker] DEBUG org.springframework.boot.test.context.SpringBootTestContextBootstrapper - @TestExecutionListeners is not present for class [com.lopic.boot.springboot.web.ProfileControllerTest]: using defaults.
08:50:05.222 [Test worker] INFO org.springframework.boot.test.context.SpringBootTestContextBootstrapper - Loaded default TestExecutionListener class names from location [META-INF/spring.factories]: [org.springframework.security.test.context.support.WithSecurityContextTestExecutionListener, org.springframework.security.test.context.support.ReactorContextTestExecutionListener, org.springframework.boot.test.autoconfigure.restdocs.RestDocsTestExecutionListener, org.springframework.boot.test.autoconfigure.web.client.MockRestServiceServerResetTestExecutionListener, org.springframework.boot.test.autoconfigure.web.servlet.MockMvcPrintOnlyOnFailureTestExecutionListener, org.springframework.boot.test.autoconfigure.web.servlet.WebDriverTestExecutionListener, org.springframework.boot.test.mock.mockito.MockitoTestExecutionListener, org.springframework.boot.test.mock.mockito.ResetMocksTestExecutionListener, org.springframework.test.context.web.ServletTestExecutionListener, org.springframework.test.context.support.DirtiesContextBeforeModesTestExecutionListener, org.springframework.test.context.support.DependencyInjectionTestExecutionListener, org.springframework.test.context.support.DirtiesContextTestExecutionListener, org.springframework.test.context.transaction.TransactionalTestExecutionListener, org.springframework.test.context.jdbc.SqlScriptsTestExecutionListener]
08:50:05.273 [Test worker] INFO org.springframework.boot.test.context.SpringBootTestContextBootstrapper - Using TestExecutionListeners: [org.springframework.test.context.web.ServletTestExecutionListener@47fbf311, org.springframework.test.context.support.DirtiesContextBeforeModesTestExecutionListener@5513f843, org.springframework.boot.test.mock.mockito.MockitoTestExecutionListener@78c10706, org.springframework.boot.test.autoconfigure.SpringBootDependencyInjectionTestExecutionListener@7bd3faee, org.springframework.test.context.support.DirtiesContextTestExecutionListener@63a8edfe, org.springframework.test.context.transaction.TransactionalTestExecutionListener@2933d028, org.springframework.test.context.jdbc.SqlScriptsTestExecutionListener@59ba1b3f, org.springframework.security.test.context.support.WithSecurityContextTestExecutionListener@3d5a9e6c, org.springframework.security.test.context.support.ReactorContextTestExecutionListener@19b95324, org.springframework.boot.test.autoconfigure.restdocs.RestDocsTestExecutionListener@2ebc62ab, org.springframework.boot.test.autoconfigure.web.client.MockRestServiceServerResetTestExecutionListener@2756e7a0, org.springframework.boot.test.autoconfigure.web.servlet.MockMvcPrintOnlyOnFailureTestExecutionListener@4e96a4d8, org.springframework.boot.test.autoconfigure.web.servlet.WebDriverTestExecutionListener@1de5ee5d, org.springframework.boot.test.mock.mockito.ResetMocksTestExecutionListener@50816e70]
08:50:05.279 [Test worker] DEBUG org.springframework.test.annotation.ProfileValueUtils - Retrieved @ProfileValueSourceConfiguration [null] for test class [com.lopic.boot.springboot.web.ProfileControllerTest]
08:50:05.280 [Test worker] DEBUG org.springframework.test.annotation.ProfileValueUtils - Retrieved ProfileValueSource type [class org.springframework.test.annotation.SystemProfileValueSource] for class [com.lopic.boot.springboot.web.ProfileControllerTest]
08:50:05.299 [Test worker] DEBUG org.springframework.test.annotation.ProfileValueUtils - Retrieved @ProfileValueSourceConfiguration [null] for test class [com.lopic.boot.springboot.web.ProfileControllerTest]
08:50:05.299 [Test worker] DEBUG org.springframework.test.annotation.ProfileValueUtils - Retrieved ProfileValueSource type [class org.springframework.test.annotation.SystemProfileValueSource] for class [com.lopic.boot.springboot.web.ProfileControllerTest]
08:50:05.302 [Test worker] DEBUG org.springframework.test.annotation.ProfileValueUtils - Retrieved @ProfileValueSourceConfiguration [null] for test class [com.lopic.boot.springboot.web.ProfileControllerTest]
08:50:05.307 [Test worker] DEBUG org.springframework.test.annotation.ProfileValueUtils - Retrieved ProfileValueSource type [class org.springframework.test.annotation.SystemProfileValueSource] for class [com.lopic.boot.springboot.web.ProfileControllerTest]
08:50:05.317 [Test worker] DEBUG org.springframework.test.context.support.AbstractDirtiesContextTestExecutionListener - Before test class: context [DefaultTestContext@66c7a364 testClass = ProfileControllerTest, testInstance = [null], testMethod = [null], testException = [null], mergedContextConfiguration = [WebMergedContextConfiguration@3f548221 testClass = ProfileControllerTest, locations = '{}', classes = '{class com.lopic.boot.springboot.Application}', contextInitializerClasses = '[]', activeProfiles = '{}', propertySourceLocations = '{}', propertySourceProperties = '{org.springframework.boot.test.context.SpringBootTestContextBootstrapper=true, server.port=0}', contextCustomizers = set[org.springframework.boot.test.autoconfigure.properties.PropertyMappingContextCustomizer@0, org.springframework.boot.test.autoconfigure.web.servlet.WebDriverContextCustomizerFactory$Customizer@8a43b9e, org.springframework.boot.test.context.filter.ExcludeFilterContextCustomizer@733e41d4, org.springframework.boot.test.json.DuplicateJsonObjectContextCustomizerFactory$DuplicateJsonObjectContextCustomizer@7774bb48, org.springframework.boot.test.mock.mockito.MockitoContextCustomizer@0, org.springframework.boot.test.web.client.TestRestTemplateContextCustomizer@30a100ee], resourceBasePath = 'src/main/webapp', contextLoader = 'org.springframework.boot.test.context.SpringBootContextLoader', parent = [null]], attributes = map['org.springframework.test.context.web.ServletTestExecutionListener.activateListener' -> false]], class annotated with @DirtiesContext [false] with mode [null].
08:50:05.318 [Test worker] DEBUG org.springframework.test.annotation.ProfileValueUtils - Retrieved @ProfileValueSourceConfiguration [null] for test class [com.lopic.boot.springboot.web.ProfileControllerTest]
08:50:05.320 [Test worker] DEBUG org.springframework.test.annotation.ProfileValueUtils - Retrieved ProfileValueSource type [class org.springframework.test.annotation.SystemProfileValueSource] for class [com.lopic.boot.springboot.web.ProfileControllerTest]
08:50:05.333 [Test worker] DEBUG org.springframework.test.context.support.DependencyInjectionTestExecutionListener - Performing dependency injection for test context [[DefaultTestContext@66c7a364 testClass = ProfileControllerTest, testInstance = com.lopic.boot.springboot.web.ProfileControllerTest@718efe95, testMethod = [null], testException = [null], mergedContextConfiguration = [WebMergedContextConfiguration@3f548221 testClass = ProfileControllerTest, locations = '{}', classes = '{class com.lopic.boot.springboot.Application}', contextInitializerClasses = '[]', activeProfiles = '{}', propertySourceLocations = '{}', propertySourceProperties = '{org.springframework.boot.test.context.SpringBootTestContextBootstrapper=true, server.port=0}', contextCustomizers = set[org.springframework.boot.test.autoconfigure.properties.PropertyMappingContextCustomizer@0, org.springframework.boot.test.autoconfigure.web.servlet.WebDriverContextCustomizerFactory$Customizer@8a43b9e, org.springframework.boot.test.context.filter.ExcludeFilterContextCustomizer@733e41d4, org.springframework.boot.test.json.DuplicateJsonObjectContextCustomizerFactory$DuplicateJsonObjectContextCustomizer@7774bb48, org.springframework.boot.test.mock.mockito.MockitoContextCustomizer@0, org.springframework.boot.test.web.client.TestRestTemplateContextCustomizer@30a100ee], resourceBasePath = 'src/main/webapp', contextLoader = 'org.springframework.boot.test.context.SpringBootContextLoader', parent = [null]], attributes = map['org.springframework.test.context.web.ServletTestExecutionListener.activateListener' -> false]]].
08:50:05.379 [Test worker] DEBUG org.springframework.test.context.support.TestPropertySourceUtils - Adding inlined properties to environment: {spring.jmx.enabled=false, org.springframework.boot.test.context.SpringBootTestContextBootstrapper=true, server.port=0}

  .   ____          _            __ _ _
 /\\ / ___'_ __ _ _(_)_ __  __ _ \ \ \ \
( ( )\___ | '_ | '_| | '_ \/ _` | \ \ \ \
 \\/  ___)| |_)| | | | | || (_| |  ) ) ) )
  '  |____| .__|_| |_|_| |_\__, | / / / /
 =========|_|==============|___/=/_/_/_/
 :: Spring Boot ::        (v2.1.7.RELEASE)

2020-04-28 08:50:05.947  INFO 25164 --- [    Test worker] c.l.b.s.web.ProfileControllerTest        : Starting ProfileControllerTest on DESKTOP-2DC37PS with PID 25164 (started by dmbtv in C:\Users\dmbtv\IdeaProjects\springboot_service)
2020-04-28 08:50:05.948  INFO 25164 --- [    Test worker] c.l.b.s.web.ProfileControllerTest        : No active profile set, falling back to default profiles: default
2020-04-28 08:50:07.940  INFO 25164 --- [    Test worker] .s.d.r.c.RepositoryConfigurationDelegate : Bootstrapping Spring Data repositories in DEFAULT mode.
2020-04-28 08:50:08.100  INFO 25164 --- [    Test worker] .s.d.r.c.RepositoryConfigurationDelegate : Finished Spring Data repository scanning in 144ms. Found 2 repository interfaces.
2020-04-28 08:50:09.195  INFO 25164 --- [    Test worker] trationDelegate$BeanPostProcessorChecker : Bean 'org.springframework.transaction.annotation.ProxyTransactionManagementConfiguration' of type [org.springframework.transaction.annotation.ProxyTransactionManagementConfiguration$$EnhancerBySpringCGLIB$$4d26e753] is not eligible for getting processed by all BeanPostProcessors (for example: not eligible for auto-proxying)
2020-04-28 08:50:10.037  INFO 25164 --- [    Test worker] o.s.b.w.embedded.tomcat.TomcatWebServer  : Tomcat initialized with port(s): 0 (http)
2020-04-28 08:50:10.091  INFO 25164 --- [    Test worker] o.apache.catalina.core.StandardService   : Starting service [Tomcat]
2020-04-28 08:50:10.091  INFO 25164 --- [    Test worker] org.apache.catalina.core.StandardEngine  : Starting Servlet engine: [Apache Tomcat/9.0.22]
2020-04-28 08:50:10.402  INFO 25164 --- [    Test worker] o.a.c.c.C.[Tomcat].[localhost].[/]       : Initializing Spring embedded WebApplicationContext
2020-04-28 08:50:10.402  INFO 25164 --- [    Test worker] o.s.web.context.ContextLoader            : Root WebApplicationContext: initialization completed in 4406 ms
2020-04-28 08:50:10.978  INFO 25164 --- [    Test worker] com.zaxxer.hikari.HikariDataSource       : HikariPool-1 - Starting...
2020-04-28 08:50:11.416  INFO 25164 --- [    Test worker] com.zaxxer.hikari.HikariDataSource       : HikariPool-1 - Start completed.
2020-04-28 08:50:11.696  INFO 25164 --- [    Test worker] o.hibernate.jpa.internal.util.LogHelper  : HHH000204: Processing PersistenceUnitInfo [
	name: default
	...]
2020-04-28 08:50:11.886  INFO 25164 --- [    Test worker] org.hibernate.Version                    : HHH000412: Hibernate Core {5.3.10.Final}
2020-04-28 08:50:11.891  INFO 25164 --- [    Test worker] org.hibernate.cfg.Environment            : HHH000206: hibernate.properties not found
2020-04-28 08:50:12.392  INFO 25164 --- [    Test worker] o.hibernate.annotations.common.Version   : HCANN000001: Hibernate Commons Annotations {5.0.4.Final}
2020-04-28 08:50:12.902  INFO 25164 --- [    Test worker] org.hibernate.dialect.Dialect            : HHH000400: Using dialect: org.hibernate.dialect.MySQL5InnoDBDialect
Hibernate: drop table if exists posts
Hibernate: drop table if exists user
Hibernate: create table posts (id bigint not null auto_increment, created_date datetime, modified_date datetime, author varchar(255), content TEXT not null, title varchar(500) not null, primary key (id)) engine=InnoDB
Hibernate: create table user (id bigint not null auto_increment, created_date datetime, modified_date datetime, email varchar(255) not null, name varchar(255) not null, picture varchar(255), role varchar(255) not null, primary key (id)) engine=InnoDB
2020-04-28 08:50:14.458  INFO 25164 --- [    Test worker] o.h.t.schema.internal.SchemaCreatorImpl  : HHH000476: Executing import script 'org.hibernate.tool.schema.internal.exec.ScriptSourceInputNonExistentImpl@373f2d95'
2020-04-28 08:50:14.465  INFO 25164 --- [    Test worker] j.LocalContainerEntityManagerFactoryBean : Initialized JPA EntityManagerFactory for persistence unit 'default'
2020-04-28 08:50:16.312  INFO 25164 --- [    Test worker] o.h.h.i.QueryTranslatorFactoryInitiator  : HHH000397: Using ASTQueryTranslatorFactory
2020-04-28 08:50:17.467  INFO 25164 --- [    Test worker] o.s.s.web.DefaultSecurityFilterChain     : Creating filter chain: any request, [org.springframework.security.web.context.request.async.WebAsyncManagerIntegrationFilter@7631463f, org.springframework.security.web.context.SecurityContextPersistenceFilter@5a340391, org.springframework.security.web.header.HeaderWriterFilter@258db99d, org.springframework.security.web.authentication.logout.LogoutFilter@2164e18e, org.springframework.security.oauth2.client.web.OAuth2AuthorizationRequestRedirectFilter@61b8c936, org.springframework.security.oauth2.client.web.OAuth2LoginAuthenticationFilter@27283166, org.springframework.security.web.authentication.ui.DefaultLoginPageGeneratingFilter@4be8b505, org.springframework.security.web.authentication.ui.DefaultLogoutPageGeneratingFilter@568964f6, org.springframework.security.web.savedrequest.RequestCacheAwareFilter@cae607, org.springframework.security.web.servletapi.SecurityContextHolderAwareRequestFilter@742b71bd, org.springframework.security.web.authentication.AnonymousAuthenticationFilter@2c9efafc, org.springframework.security.web.session.SessionManagementFilter@6b268239, org.springframework.security.web.access.ExceptionTranslationFilter@3f6a8f6f, org.springframework.security.web.access.intercept.FilterSecurityInterceptor@761ab8fb]
2020-04-28 08:50:18.539  INFO 25164 --- [    Test worker] o.s.s.concurrent.ThreadPoolTaskExecutor  : Initializing ExecutorService 'applicationTaskExecutor'
2020-04-28 08:50:18.797  INFO 25164 --- [    Test worker] o.s.b.a.w.s.WelcomePageHandlerMapping    : Adding welcome page template: index
2020-04-28 08:50:19.973  INFO 25164 --- [    Test worker] s.a.ScheduledAnnotationBeanPostProcessor : No TaskScheduler/ScheduledExecutorService bean found for scheduled processing
2020-04-28 08:50:20.045  INFO 25164 --- [    Test worker] o.s.b.w.embedded.tomcat.TomcatWebServer  : Tomcat started on port(s): 6199 (http) with context path ''
2020-04-28 08:50:20.047  INFO 25164 --- [    Test worker] c.l.b.s.web.ProfileControllerTest        : Started ProfileControllerTest in 14.666 seconds (JVM running for 16.966)
2020-04-28 08:50:20.351  INFO 25164 --- [o-auto-1-exec-1] o.a.c.c.C.[Tomcat].[localhost].[/]       : Initializing Spring DispatcherServlet 'dispatcherServlet'
2020-04-28 08:50:20.352  INFO 25164 --- [o-auto-1-exec-1] o.s.web.servlet.DispatcherServlet        : Initializing Servlet 'dispatcherServlet'
2020-04-28 08:50:20.395  INFO 25164 --- [o-auto-1-exec-1] o.s.web.servlet.DispatcherServlet        : Completed initialization in 43 ms
]]></system-out>
  <system-err><![CDATA[]]></system-err>
</testsuite>
