<?xml version="1.0" encoding="UTF-8"?>
<testsuite name="com.lopic.boot.springboot.web.PostsApiControllerTest" tests="2" skipped="0" failures="0" errors="0" timestamp="2020-01-06T09:43:27" hostname="DESKTOP-2DC37PS" time="0.146">
  <properties/>
  <testcase name="Posts_등록된다" classname="com.lopic.boot.springboot.web.PostsApiControllerTest" time="0.097"/>
  <testcase name="Posts_수정된다" classname="com.lopic.boot.springboot.web.PostsApiControllerTest" time="0.048"/>
  <system-out><![CDATA[2020-01-06 18:43:27.777  INFO 30740 --- [    Test worker] .b.t.c.SpringBootTestContextBootstrapper : Neither @ContextConfiguration nor @ContextHierarchy found for test class [com.lopic.boot.springboot.web.PostsApiControllerTest], using SpringBootContextLoader
2020-01-06 18:43:27.778  INFO 30740 --- [    Test worker] o.s.t.c.support.AbstractContextLoader    : Could not detect default resource locations for test class [com.lopic.boot.springboot.web.PostsApiControllerTest]: no resource found for suffixes {-context.xml, Context.groovy}.
2020-01-06 18:43:27.778  INFO 30740 --- [    Test worker] t.c.s.AnnotationConfigContextLoaderUtils : Could not detect default configuration classes for test class [com.lopic.boot.springboot.web.PostsApiControllerTest]: PostsApiControllerTest does not declare any static, non-private, non-final, nested classes annotated with @Configuration.
2020-01-06 18:43:27.780  INFO 30740 --- [    Test worker] .b.t.c.SpringBootTestContextBootstrapper : Found @SpringBootConfiguration com.lopic.boot.springboot.Application for test class com.lopic.boot.springboot.web.PostsApiControllerTest
2020-01-06 18:43:27.782  INFO 30740 --- [    Test worker] .b.t.c.SpringBootTestContextBootstrapper : Loaded default TestExecutionListener class names from location [META-INF/spring.factories]: [org.springframework.security.test.context.support.WithSecurityContextTestExecutionListener, org.springframework.security.test.context.support.ReactorContextTestExecutionListener, org.springframework.boot.test.autoconfigure.restdocs.RestDocsTestExecutionListener, org.springframework.boot.test.autoconfigure.web.client.MockRestServiceServerResetTestExecutionListener, org.springframework.boot.test.autoconfigure.web.servlet.MockMvcPrintOnlyOnFailureTestExecutionListener, org.springframework.boot.test.autoconfigure.web.servlet.WebDriverTestExecutionListener, org.springframework.boot.test.mock.mockito.MockitoTestExecutionListener, org.springframework.boot.test.mock.mockito.ResetMocksTestExecutionListener, org.springframework.test.context.web.ServletTestExecutionListener, org.springframework.test.context.support.DirtiesContextBeforeModesTestExecutionListener, org.springframework.test.context.support.DependencyInjectionTestExecutionListener, org.springframework.test.context.support.DirtiesContextTestExecutionListener, org.springframework.test.context.transaction.TransactionalTestExecutionListener, org.springframework.test.context.jdbc.SqlScriptsTestExecutionListener]
2020-01-06 18:43:27.783  INFO 30740 --- [    Test worker] .b.t.c.SpringBootTestContextBootstrapper : Using TestExecutionListeners: [org.springframework.test.context.web.ServletTestExecutionListener@5be2fa60, org.springframework.test.context.support.DirtiesContextBeforeModesTestExecutionListener@2bc47a5f, org.springframework.boot.test.mock.mockito.MockitoTestExecutionListener@6c875db0, org.springframework.boot.test.autoconfigure.SpringBootDependencyInjectionTestExecutionListener@6ba08c39, org.springframework.test.context.support.DirtiesContextTestExecutionListener@275d5ad7, org.springframework.test.context.transaction.TransactionalTestExecutionListener@2f43cae1, org.springframework.test.context.jdbc.SqlScriptsTestExecutionListener@797f7864, org.springframework.security.test.context.support.WithSecurityContextTestExecutionListener@1651f236, org.springframework.security.test.context.support.ReactorContextTestExecutionListener@5b1789c9, org.springframework.boot.test.autoconfigure.restdocs.RestDocsTestExecutionListener@6a325488, org.springframework.boot.test.autoconfigure.web.client.MockRestServiceServerResetTestExecutionListener@680cbdf2, org.springframework.boot.test.autoconfigure.web.servlet.MockMvcPrintOnlyOnFailureTestExecutionListener@71d52287, org.springframework.boot.test.autoconfigure.web.servlet.WebDriverTestExecutionListener@166ba4b5, org.springframework.boot.test.mock.mockito.ResetMocksTestExecutionListener@6e0524e4]
2020-01-06 18:43:27.794  INFO 30740 --- [    Test worker] o.a.c.c.C.[Tomcat].[localhost].[/]       : Initializing Spring TestDispatcherServlet ''
2020-01-06 18:43:27.797  INFO 30740 --- [    Test worker] o.s.t.web.servlet.TestDispatcherServlet  : Initializing Servlet ''
2020-01-06 18:43:27.800  INFO 30740 --- [    Test worker] o.s.t.web.servlet.TestDispatcherServlet  : Completed initialization in 3 ms
2020-01-06 18:43:27.889  INFO 30740 --- [    Test worker] o.a.c.c.C.[Tomcat].[localhost].[/]       : Initializing Spring TestDispatcherServlet ''
2020-01-06 18:43:27.890  INFO 30740 --- [    Test worker] o.s.t.web.servlet.TestDispatcherServlet  : Initializing Servlet ''
2020-01-06 18:43:27.895  INFO 30740 --- [    Test worker] o.s.t.web.servlet.TestDispatcherServlet  : Completed initialization in 5 ms
]]></system-out>
  <system-err><![CDATA[]]></system-err>
</testsuite>
