<?xml version="1.0" encoding="UTF-8"?>
<testsuite name="com.lopic.boot.springboot.web.domain.posts.PostsRepositoryTest" tests="2" skipped="0" failures="0" errors="0" timestamp="2020-04-12T15:53:42" hostname="DESKTOP-2DC37PS" time="0.455">
  <properties/>
  <testcase name="게시글저장_불러오기" classname="com.lopic.boot.springboot.web.domain.posts.PostsRepositoryTest" time="0.438"/>
  <testcase name="BaseTimeEntity_등록" classname="com.lopic.boot.springboot.web.domain.posts.PostsRepositoryTest" time="0.016"/>
  <system-out><![CDATA[00:53:32.412 [Test worker] DEBUG org.springframework.test.context.junit4.SpringJUnit4ClassRunner - SpringJUnit4ClassRunner constructor called with [class com.lopic.boot.springboot.web.domain.posts.PostsRepositoryTest]
00:53:32.421 [Test worker] DEBUG org.springframework.test.context.BootstrapUtils - Instantiating CacheAwareContextLoaderDelegate from class [org.springframework.test.context.cache.DefaultCacheAwareContextLoaderDelegate]
00:53:32.435 [Test worker] DEBUG org.springframework.test.context.BootstrapUtils - Instantiating BootstrapContext using constructor [public org.springframework.test.context.support.DefaultBootstrapContext(java.lang.Class,org.springframework.test.context.CacheAwareContextLoaderDelegate)]
00:53:32.460 [Test worker] DEBUG org.springframework.test.context.BootstrapUtils - Instantiating TestContextBootstrapper for test class [com.lopic.boot.springboot.web.domain.posts.PostsRepositoryTest] from class [org.springframework.boot.test.context.SpringBootTestContextBootstrapper]
00:53:32.484 [Test worker] INFO org.springframework.boot.test.context.SpringBootTestContextBootstrapper - Neither @ContextConfiguration nor @ContextHierarchy found for test class [com.lopic.boot.springboot.web.domain.posts.PostsRepositoryTest], using SpringBootContextLoader
00:53:32.490 [Test worker] DEBUG org.springframework.test.context.support.AbstractContextLoader - Did not detect default resource location for test class [com.lopic.boot.springboot.web.domain.posts.PostsRepositoryTest]: class path resource [com/lopic/boot/springboot/web/domain/posts/PostsRepositoryTest-context.xml] does not exist
00:53:32.491 [Test worker] DEBUG org.springframework.test.context.support.AbstractContextLoader - Did not detect default resource location for test class [com.lopic.boot.springboot.web.domain.posts.PostsRepositoryTest]: class path resource [com/lopic/boot/springboot/web/domain/posts/PostsRepositoryTestContext.groovy] does not exist
00:53:32.491 [Test worker] INFO org.springframework.test.context.support.AbstractContextLoader - Could not detect default resource locations for test class [com.lopic.boot.springboot.web.domain.posts.PostsRepositoryTest]: no resource found for suffixes {-context.xml, Context.groovy}.
00:53:32.492 [Test worker] INFO org.springframework.test.context.support.AnnotationConfigContextLoaderUtils - Could not detect default configuration classes for test class [com.lopic.boot.springboot.web.domain.posts.PostsRepositoryTest]: PostsRepositoryTest does not declare any static, non-private, non-final, nested classes annotated with @Configuration.
00:53:32.561 [Test worker] DEBUG org.springframework.test.context.support.ActiveProfilesUtils - Could not find an 'annotation declaring class' for annotation type [org.springframework.test.context.ActiveProfiles] and class [com.lopic.boot.springboot.web.domain.posts.PostsRepositoryTest]
00:53:32.731 [Test worker] DEBUG org.springframework.context.annotation.ClassPathScanningCandidateComponentProvider - Identified candidate component class: file [C:\Users\dmbtv\IdeaProjects\springboot_service\build\classes\java\main\com\lopic\boot\springboot\Application.class]
00:53:32.733 [Test worker] INFO org.springframework.boot.test.context.SpringBootTestContextBootstrapper - Found @SpringBootConfiguration com.lopic.boot.springboot.Application for test class com.lopic.boot.springboot.web.domain.posts.PostsRepositoryTest
00:53:32.897 [Test worker] DEBUG org.springframework.boot.test.context.SpringBootTestContextBootstrapper - @TestExecutionListeners is not present for class [com.lopic.boot.springboot.web.domain.posts.PostsRepositoryTest]: using defaults.
00:53:32.898 [Test worker] INFO org.springframework.boot.test.context.SpringBootTestContextBootstrapper - Loaded default TestExecutionListener class names from location [META-INF/spring.factories]: [org.springframework.security.test.context.support.WithSecurityContextTestExecutionListener, org.springframework.security.test.context.support.ReactorContextTestExecutionListener, org.springframework.boot.test.autoconfigure.restdocs.RestDocsTestExecutionListener, org.springframework.boot.test.autoconfigure.web.client.MockRestServiceServerResetTestExecutionListener, org.springframework.boot.test.autoconfigure.web.servlet.MockMvcPrintOnlyOnFailureTestExecutionListener, org.springframework.boot.test.autoconfigure.web.servlet.WebDriverTestExecutionListener, org.springframework.boot.test.mock.mockito.MockitoTestExecutionListener, org.springframework.boot.test.mock.mockito.ResetMocksTestExecutionListener, org.springframework.test.context.web.ServletTestExecutionListener, org.springframework.test.context.support.DirtiesContextBeforeModesTestExecutionListener, org.springframework.test.context.support.DependencyInjectionTestExecutionListener, org.springframework.test.context.support.DirtiesContextTestExecutionListener, org.springframework.test.context.transaction.TransactionalTestExecutionListener, org.springframework.test.context.jdbc.SqlScriptsTestExecutionListener]
00:53:32.935 [Test worker] INFO org.springframework.boot.test.context.SpringBootTestContextBootstrapper - Using TestExecutionListeners: [org.springframework.test.context.web.ServletTestExecutionListener@2ebc62ab, org.springframework.test.context.support.DirtiesContextBeforeModesTestExecutionListener@2756e7a0, org.springframework.boot.test.mock.mockito.MockitoTestExecutionListener@4e96a4d8, org.springframework.boot.test.autoconfigure.SpringBootDependencyInjectionTestExecutionListener@1de5ee5d, org.springframework.test.context.support.DirtiesContextTestExecutionListener@50816e70, org.springframework.test.context.transaction.TransactionalTestExecutionListener@40fae827, org.springframework.test.context.jdbc.SqlScriptsTestExecutionListener@3b313484, org.springframework.security.test.context.support.WithSecurityContextTestExecutionListener@914a2b9, org.springframework.security.test.context.support.ReactorContextTestExecutionListener@52bdaf05, org.springframework.boot.test.autoconfigure.restdocs.RestDocsTestExecutionListener@4591dea5, org.springframework.boot.test.autoconfigure.web.client.MockRestServiceServerResetTestExecutionListener@77b65787, org.springframework.boot.test.autoconfigure.web.servlet.MockMvcPrintOnlyOnFailureTestExecutionListener@5b9b22a2, org.springframework.boot.test.autoconfigure.web.servlet.WebDriverTestExecutionListener@64617b53, org.springframework.boot.test.mock.mockito.ResetMocksTestExecutionListener@2fcef58c]
00:53:32.939 [Test worker] DEBUG org.springframework.test.annotation.ProfileValueUtils - Retrieved @ProfileValueSourceConfiguration [null] for test class [com.lopic.boot.springboot.web.domain.posts.PostsRepositoryTest]
00:53:32.940 [Test worker] DEBUG org.springframework.test.annotation.ProfileValueUtils - Retrieved ProfileValueSource type [class org.springframework.test.annotation.SystemProfileValueSource] for class [com.lopic.boot.springboot.web.domain.posts.PostsRepositoryTest]
00:53:32.941 [Test worker] DEBUG org.springframework.test.annotation.ProfileValueUtils - Retrieved @ProfileValueSourceConfiguration [null] for test class [com.lopic.boot.springboot.web.domain.posts.PostsRepositoryTest]
00:53:32.941 [Test worker] DEBUG org.springframework.test.annotation.ProfileValueUtils - Retrieved ProfileValueSource type [class org.springframework.test.annotation.SystemProfileValueSource] for class [com.lopic.boot.springboot.web.domain.posts.PostsRepositoryTest]
00:53:32.947 [Test worker] DEBUG org.springframework.test.context.support.AbstractDirtiesContextTestExecutionListener - Before test class: context [DefaultTestContext@6a608936 testClass = PostsRepositoryTest, testInstance = [null], testMethod = [null], testException = [null], mergedContextConfiguration = [WebMergedContextConfiguration@c22c54d testClass = PostsRepositoryTest, locations = '{}', classes = '{class com.lopic.boot.springboot.Application}', contextInitializerClasses = '[]', activeProfiles = '{}', propertySourceLocations = '{}', propertySourceProperties = '{org.springframework.boot.test.context.SpringBootTestContextBootstrapper=true}', contextCustomizers = set[org.springframework.boot.test.autoconfigure.properties.PropertyMappingContextCustomizer@0, org.springframework.boot.test.autoconfigure.web.servlet.WebDriverContextCustomizerFactory$Customizer@23a8c167, org.springframework.boot.test.context.filter.ExcludeFilterContextCustomizer@68d241fd, org.springframework.boot.test.json.DuplicateJsonObjectContextCustomizerFactory$DuplicateJsonObjectContextCustomizer@42ad67b5, org.springframework.boot.test.mock.mockito.MockitoContextCustomizer@0, org.springframework.boot.test.web.client.TestRestTemplateContextCustomizer@1672da73], resourceBasePath = 'src/main/webapp', contextLoader = 'org.springframework.boot.test.context.SpringBootContextLoader', parent = [null]], attributes = map['org.springframework.test.context.web.ServletTestExecutionListener.activateListener' -> true]], class annotated with @DirtiesContext [false] with mode [null].
00:53:32.948 [Test worker] DEBUG org.springframework.test.annotation.ProfileValueUtils - Retrieved @ProfileValueSourceConfiguration [null] for test class [com.lopic.boot.springboot.web.domain.posts.PostsRepositoryTest]
00:53:32.948 [Test worker] DEBUG org.springframework.test.annotation.ProfileValueUtils - Retrieved ProfileValueSource type [class org.springframework.test.annotation.SystemProfileValueSource] for class [com.lopic.boot.springboot.web.domain.posts.PostsRepositoryTest]
00:53:32.981 [Test worker] DEBUG org.springframework.test.context.support.TestPropertySourceUtils - Adding inlined properties to environment: {spring.jmx.enabled=false, org.springframework.boot.test.context.SpringBootTestContextBootstrapper=true, server.port=-1}
      ___       ___           ___                       ___     
     /\__\     /\  \         /\  \          ___        /\  \    
    /:/  /    /::\  \       /::\  \        /\  \      /::\  \   
   /:/  /    /:/\:\  \     /:/\:\  \       \:\  \    /:/\:\  \  
  /:/  /    /:/  \:\  \   /::\~\:\  \      /::\__\  /:/  \:\  \ 
 /:/__/    /:/__/ \:\__\ /:/\:\ \:\__\  __/:/\/__/ /:/__/ \:\__\
 \:\  \    \:\  \ /:/  / \/__\:\/:/  / /\/:/  /    \:\  \  \/__/
  \:\  \    \:\  /:/  /       \::/  /  \::/__/      \:\  \      
   \:\  \    \:\/:/  /         \/__/    \:\__\       \:\  \     
    \:\__\    \::/  /                    \/__/        \:\__\    
     \/__/     \/__/                                   \/__/    
2020-04-13 00:53:33.364  INFO 45448 --- [    Test worker] c.l.b.s.w.d.posts.PostsRepositoryTest    : Starting PostsRepositoryTest on DESKTOP-2DC37PS with PID 45448 (started by dmbtv in C:\Users\dmbtv\IdeaProjects\springboot_service)
2020-04-13 00:53:33.366  INFO 45448 --- [    Test worker] c.l.b.s.w.d.posts.PostsRepositoryTest    : No active profile set, falling back to default profiles: default
2020-04-13 00:53:34.796  INFO 45448 --- [    Test worker] .s.d.r.c.RepositoryConfigurationDelegate : Bootstrapping Spring Data repositories in DEFAULT mode.
2020-04-13 00:53:34.934  INFO 45448 --- [    Test worker] .s.d.r.c.RepositoryConfigurationDelegate : Finished Spring Data repository scanning in 121ms. Found 2 repository interfaces.
2020-04-13 00:53:35.680  INFO 45448 --- [    Test worker] trationDelegate$BeanPostProcessorChecker : Bean 'org.springframework.transaction.annotation.ProxyTransactionManagementConfiguration' of type [org.springframework.transaction.annotation.ProxyTransactionManagementConfiguration$$EnhancerBySpringCGLIB$$86a397cc] is not eligible for getting processed by all BeanPostProcessors (for example: not eligible for auto-proxying)
2020-04-13 00:53:36.056  INFO 45448 --- [    Test worker] com.zaxxer.hikari.HikariDataSource       : HikariPool-1 - Starting...
2020-04-13 00:53:36.300  INFO 45448 --- [    Test worker] com.zaxxer.hikari.HikariDataSource       : HikariPool-1 - Start completed.
2020-04-13 00:53:36.448  INFO 45448 --- [    Test worker] o.hibernate.jpa.internal.util.LogHelper  : HHH000204: Processing PersistenceUnitInfo [
	name: default
	...]
2020-04-13 00:53:36.580  INFO 45448 --- [    Test worker] org.hibernate.Version                    : HHH000412: Hibernate Core {5.3.10.Final}
2020-04-13 00:53:36.582  INFO 45448 --- [    Test worker] org.hibernate.cfg.Environment            : HHH000206: hibernate.properties not found
2020-04-13 00:53:36.875  INFO 45448 --- [    Test worker] o.hibernate.annotations.common.Version   : HCANN000001: Hibernate Commons Annotations {5.0.4.Final}
2020-04-13 00:53:37.176  INFO 45448 --- [    Test worker] org.hibernate.dialect.Dialect            : HHH000400: Using dialect: org.hibernate.dialect.MySQL5InnoDBDialect
Hibernate: drop table if exists posts
Hibernate: drop table if exists user
Hibernate: create table posts (id bigint not null auto_increment, created_date datetime, modified_date datetime, author varchar(255), content TEXT not null, title varchar(500) not null, primary key (id)) engine=InnoDB
Hibernate: create table user (id bigint not null auto_increment, created_date datetime, modified_date datetime, email varchar(255) not null, name varchar(255) not null, picture varchar(255), role varchar(255) not null, primary key (id)) engine=InnoDB
2020-04-13 00:53:38.398  INFO 45448 --- [    Test worker] o.h.t.schema.internal.SchemaCreatorImpl  : HHH000476: Executing import script 'org.hibernate.tool.schema.internal.exec.ScriptSourceInputNonExistentImpl@3b3665ac'
2020-04-13 00:53:38.403  INFO 45448 --- [    Test worker] j.LocalContainerEntityManagerFactoryBean : Initialized JPA EntityManagerFactory for persistence unit 'default'
2020-04-13 00:53:39.296  INFO 45448 --- [    Test worker] o.h.h.i.QueryTranslatorFactoryInitiator  : HHH000397: Using ASTQueryTranslatorFactory
2020-04-13 00:53:40.246  INFO 45448 --- [    Test worker] o.s.s.web.DefaultSecurityFilterChain     : Creating filter chain: any request, [org.springframework.security.web.context.request.async.WebAsyncManagerIntegrationFilter@4dd18214, org.springframework.security.web.context.SecurityContextPersistenceFilter@21eb1580, org.springframework.security.web.header.HeaderWriterFilter@61f7d6c4, org.springframework.security.web.authentication.logout.LogoutFilter@2995b517, org.springframework.security.oauth2.client.web.OAuth2AuthorizationRequestRedirectFilter@16600569, org.springframework.security.oauth2.client.web.OAuth2LoginAuthenticationFilter@7e331ef3, org.springframework.security.web.authentication.ui.DefaultLoginPageGeneratingFilter@44297bd4, org.springframework.security.web.authentication.ui.DefaultLogoutPageGeneratingFilter@73ee6cd1, org.springframework.security.web.savedrequest.RequestCacheAwareFilter@303b74e3, org.springframework.security.web.servletapi.SecurityContextHolderAwareRequestFilter@108f0baf, org.springframework.security.web.authentication.AnonymousAuthenticationFilter@16f8a873, org.springframework.security.web.session.SessionManagementFilter@75e9e1c8, org.springframework.security.web.access.ExceptionTranslationFilter@76eb4704, org.springframework.security.web.access.intercept.FilterSecurityInterceptor@565ecd9b]
2020-04-13 00:53:41.283  INFO 45448 --- [    Test worker] o.s.s.concurrent.ThreadPoolTaskExecutor  : Initializing ExecutorService 'applicationTaskExecutor'
2020-04-13 00:53:41.450  INFO 45448 --- [    Test worker] o.s.b.a.w.s.WelcomePageHandlerMapping    : Adding welcome page template: index
2020-04-13 00:53:42.345  INFO 45448 --- [    Test worker] s.a.ScheduledAnnotationBeanPostProcessor : No TaskScheduler/ScheduledExecutorService bean found for scheduled processing
2020-04-13 00:53:42.362  INFO 45448 --- [    Test worker] c.l.b.s.w.d.posts.PostsRepositoryTest    : Started PostsRepositoryTest in 9.362 seconds (JVM running for 11.128)
Hibernate: insert into posts (created_date, modified_date, author, content, title) values (?, ?, ?, ?, ?)
Hibernate: select posts0_.id as id1_0_, posts0_.created_date as created_2_0_, posts0_.modified_date as modified3_0_, posts0_.author as author4_0_, posts0_.content as content5_0_, posts0_.title as title6_0_ from posts posts0_
Hibernate: select posts0_.id as id1_0_, posts0_.created_date as created_2_0_, posts0_.modified_date as modified3_0_, posts0_.author as author4_0_, posts0_.content as content5_0_, posts0_.title as title6_0_ from posts posts0_
Hibernate: delete from posts where id=?
Hibernate: insert into posts (created_date, modified_date, author, content, title) values (?, ?, ?, ?, ?)
Hibernate: select posts0_.id as id1_0_, posts0_.created_date as created_2_0_, posts0_.modified_date as modified3_0_, posts0_.author as author4_0_, posts0_.content as content5_0_, posts0_.title as title6_0_ from posts posts0_
>>>>>>>>> createDate = 2020-04-13T00:53:42.829, modifiedDate = 2020-04-13T00:53:42.829
Hibernate: select posts0_.id as id1_0_, posts0_.created_date as created_2_0_, posts0_.modified_date as modified3_0_, posts0_.author as author4_0_, posts0_.content as content5_0_, posts0_.title as title6_0_ from posts posts0_
Hibernate: delete from posts where id=?
]]></system-out>
  <system-err><![CDATA[]]></system-err>
</testsuite>
