<?xml version="1.0" encoding="UTF-8"?>
<testsuite name="com.lopic.boot.springboot.web.HelloControllerTest" tests="2" skipped="0" failures="0" errors="0" timestamp="2020-04-12T15:53:44" hostname="DESKTOP-2DC37PS" time="0.262">
  <properties/>
  <testcase name="hello가_리턴된다" classname="com.lopic.boot.springboot.web.HelloControllerTest" time="0.127"/>
  <testcase name="helloDto가_리턴된다" classname="com.lopic.boot.springboot.web.HelloControllerTest" time="0.135"/>
  <system-out><![CDATA[2020-04-13 00:53:42.869  INFO 45448 --- [    Test worker] .b.t.a.w.s.WebMvcTestContextBootstrapper : Neither @ContextConfiguration nor @ContextHierarchy found for test class [com.lopic.boot.springboot.web.HelloControllerTest], using SpringBootContextLoader
2020-04-13 00:53:42.876  INFO 45448 --- [    Test worker] o.s.t.c.support.AbstractContextLoader    : Could not detect default resource locations for test class [com.lopic.boot.springboot.web.HelloControllerTest]: no resource found for suffixes {-context.xml, Context.groovy}.
2020-04-13 00:53:42.877  INFO 45448 --- [    Test worker] t.c.s.AnnotationConfigContextLoaderUtils : Could not detect default configuration classes for test class [com.lopic.boot.springboot.web.HelloControllerTest]: HelloControllerTest does not declare any static, non-private, non-final, nested classes annotated with @Configuration.
2020-04-13 00:53:42.909  INFO 45448 --- [    Test worker] .b.t.c.SpringBootTestContextBootstrapper : Found @SpringBootConfiguration com.lopic.boot.springboot.Application for test class com.lopic.boot.springboot.web.HelloControllerTest
2020-04-13 00:53:42.910  INFO 45448 --- [    Test worker] .b.t.a.w.s.WebMvcTestContextBootstrapper : Loaded default TestExecutionListener class names from location [META-INF/spring.factories]: [org.springframework.security.test.context.support.WithSecurityContextTestExecutionListener, org.springframework.security.test.context.support.ReactorContextTestExecutionListener, org.springframework.boot.test.autoconfigure.restdocs.RestDocsTestExecutionListener, org.springframework.boot.test.autoconfigure.web.client.MockRestServiceServerResetTestExecutionListener, org.springframework.boot.test.autoconfigure.web.servlet.MockMvcPrintOnlyOnFailureTestExecutionListener, org.springframework.boot.test.autoconfigure.web.servlet.WebDriverTestExecutionListener, org.springframework.boot.test.mock.mockito.MockitoTestExecutionListener, org.springframework.boot.test.mock.mockito.ResetMocksTestExecutionListener, org.springframework.test.context.web.ServletTestExecutionListener, org.springframework.test.context.support.DirtiesContextBeforeModesTestExecutionListener, org.springframework.test.context.support.DependencyInjectionTestExecutionListener, org.springframework.test.context.support.DirtiesContextTestExecutionListener, org.springframework.test.context.transaction.TransactionalTestExecutionListener, org.springframework.test.context.jdbc.SqlScriptsTestExecutionListener]
2020-04-13 00:53:42.912  INFO 45448 --- [    Test worker] .b.t.a.w.s.WebMvcTestContextBootstrapper : Using TestExecutionListeners: [org.springframework.test.context.web.ServletTestExecutionListener@cd6cac9, org.springframework.test.context.support.DirtiesContextBeforeModesTestExecutionListener@664ae804, org.springframework.boot.test.mock.mockito.MockitoTestExecutionListener@23d3597b, org.springframework.boot.test.autoconfigure.SpringBootDependencyInjectionTestExecutionListener@4959f7a, org.springframework.test.context.support.DirtiesContextTestExecutionListener@3eaf9da3, org.springframework.test.context.transaction.TransactionalTestExecutionListener@f1448ba, org.springframework.test.context.jdbc.SqlScriptsTestExecutionListener@3635d0a2, org.springframework.security.test.context.support.WithSecurityContextTestExecutionListener@1ef3f751, org.springframework.security.test.context.support.ReactorContextTestExecutionListener@5c7323a9, org.springframework.boot.test.autoconfigure.restdocs.RestDocsTestExecutionListener@718fe105, org.springframework.boot.test.autoconfigure.web.client.MockRestServiceServerResetTestExecutionListener@69a78f56, org.springframework.boot.test.autoconfigure.web.servlet.MockMvcPrintOnlyOnFailureTestExecutionListener@68efb44c, org.springframework.boot.test.autoconfigure.web.servlet.WebDriverTestExecutionListener@2d44bc93, org.springframework.boot.test.mock.mockito.ResetMocksTestExecutionListener@234de7f7]
      ___       ___           ___                       ___     
     /\__\     /\  \         /\  \          ___        /\  \    
    /:/  /    /::\  \       /::\  \        /\  \      /::\  \   
   /:/  /    /:/\:\  \     /:/\:\  \       \:\  \    /:/\:\  \  
  /:/  /    /:/  \:\  \   /::\~\:\  \      /::\__\  /:/  \:\  \ 
 /:/__/    /:/__/ \:\__\ /:/\:\ \:\__\  __/:/\/__/ /:/__/ \:\__\
 \:\  \    \:\  \ /:/  / \/__\:\/:/  / /\/:/  /    \:\  \  \/__/
  \:\  \    \:\  /:/  /       \::/  /  \::/__/      \:\  \      
   \:\  \    \:\/:/  /         \/__/    \:\__\       \:\  \     
    \:\__\    \::/  /                    \/__/        \:\__\    
     \/__/     \/__/                                   \/__/    
2020-04-13 00:53:42.983  INFO 45448 --- [    Test worker] c.l.b.s.web.HelloControllerTest          : Starting HelloControllerTest on DESKTOP-2DC37PS with PID 45448 (started by dmbtv in C:\Users\dmbtv\IdeaProjects\springboot_service)
2020-04-13 00:53:42.985  INFO 45448 --- [    Test worker] c.l.b.s.web.HelloControllerTest          : No active profile set, falling back to default profiles: default
2020-04-13 00:53:43.773  INFO 45448 --- [    Test worker] o.s.s.concurrent.ThreadPoolTaskExecutor  : Initializing ExecutorService 'applicationTaskExecutor'
2020-04-13 00:53:43.825  INFO 45448 --- [    Test worker] o.s.b.a.w.s.WelcomePageHandlerMapping    : Adding welcome page template: index
2020-04-13 00:53:44.203  INFO 45448 --- [    Test worker] .s.s.UserDetailsServiceAutoConfiguration : 

Using generated security password: 4e0b440f-6bc3-488b-bdf9-8947ed6067e0

2020-04-13 00:53:44.449  INFO 45448 --- [    Test worker] o.s.s.web.DefaultSecurityFilterChain     : Creating filter chain: any request, [org.springframework.security.web.context.request.async.WebAsyncManagerIntegrationFilter@61ea6fb8, org.springframework.security.web.context.SecurityContextPersistenceFilter@3ed54f01, org.springframework.security.web.header.HeaderWriterFilter@2e89f44e, org.springframework.security.web.csrf.CsrfFilter@590d5c9d, org.springframework.security.web.authentication.logout.LogoutFilter@aa24923, org.springframework.security.web.authentication.UsernamePasswordAuthenticationFilter@1ec87830, org.springframework.security.web.authentication.ui.DefaultLoginPageGeneratingFilter@2a5012a5, org.springframework.security.web.authentication.ui.DefaultLogoutPageGeneratingFilter@28607bb8, org.springframework.security.web.authentication.www.BasicAuthenticationFilter@574c9bed, org.springframework.security.web.savedrequest.RequestCacheAwareFilter@4bac1bec, org.springframework.security.web.servletapi.SecurityContextHolderAwareRequestFilter@2ae6ad53, org.springframework.security.web.authentication.AnonymousAuthenticationFilter@1bc00eaa, org.springframework.security.web.session.SessionManagementFilter@1dd3acb6, org.springframework.security.web.access.ExceptionTranslationFilter@69739fe8, org.springframework.security.web.access.intercept.FilterSecurityInterceptor@53777741]
2020-04-13 00:53:44.503  INFO 45448 --- [    Test worker] o.s.b.t.m.w.SpringBootMockServletContext : Initializing Spring TestDispatcherServlet ''
2020-04-13 00:53:44.503  INFO 45448 --- [    Test worker] o.s.t.web.servlet.TestDispatcherServlet  : Initializing Servlet ''
2020-04-13 00:53:44.525  INFO 45448 --- [    Test worker] o.s.t.web.servlet.TestDispatcherServlet  : Completed initialization in 22 ms
2020-04-13 00:53:44.599  INFO 45448 --- [    Test worker] c.l.b.s.web.HelloControllerTest          : Started HelloControllerTest in 1.685 seconds (JVM running for 13.365)
]]></system-out>
  <system-err><![CDATA[]]></system-err>
</testsuite>
