<?xml version="1.0" encoding="UTF-8"?>
<testsuite name="com.lopic.boot.springboot.web.HelloControllerTest" tests="2" skipped="0" failures="0" errors="0" timestamp="2020-01-08T15:54:59" hostname="DESKTOP-2DC37PS" time="0.179">
  <properties/>
  <testcase name="hello가_리턴된다" classname="com.lopic.boot.springboot.web.HelloControllerTest" time="0.078"/>
  <testcase name="helloDto가_리턴된다" classname="com.lopic.boot.springboot.web.HelloControllerTest" time="0.1"/>
  <system-out><![CDATA[2020-01-09 00:54:58.044  INFO 35740 --- [    Test worker] .b.t.a.w.s.WebMvcTestContextBootstrapper : Neither @ContextConfiguration nor @ContextHierarchy found for test class [com.lopic.boot.springboot.web.HelloControllerTest], using SpringBootContextLoader
2020-01-09 00:54:58.048  INFO 35740 --- [    Test worker] o.s.t.c.support.AbstractContextLoader    : Could not detect default resource locations for test class [com.lopic.boot.springboot.web.HelloControllerTest]: no resource found for suffixes {-context.xml, Context.groovy}.
2020-01-09 00:54:58.048  INFO 35740 --- [    Test worker] t.c.s.AnnotationConfigContextLoaderUtils : Could not detect default configuration classes for test class [com.lopic.boot.springboot.web.HelloControllerTest]: HelloControllerTest does not declare any static, non-private, non-final, nested classes annotated with @Configuration.
2020-01-09 00:54:58.075  INFO 35740 --- [    Test worker] .b.t.c.SpringBootTestContextBootstrapper : Found @SpringBootConfiguration com.lopic.boot.springboot.Application for test class com.lopic.boot.springboot.web.HelloControllerTest
2020-01-09 00:54:58.075  INFO 35740 --- [    Test worker] .b.t.a.w.s.WebMvcTestContextBootstrapper : Loaded default TestExecutionListener class names from location [META-INF/spring.factories]: [org.springframework.security.test.context.support.WithSecurityContextTestExecutionListener, org.springframework.security.test.context.support.ReactorContextTestExecutionListener, org.springframework.boot.test.autoconfigure.restdocs.RestDocsTestExecutionListener, org.springframework.boot.test.autoconfigure.web.client.MockRestServiceServerResetTestExecutionListener, org.springframework.boot.test.autoconfigure.web.servlet.MockMvcPrintOnlyOnFailureTestExecutionListener, org.springframework.boot.test.autoconfigure.web.servlet.WebDriverTestExecutionListener, org.springframework.boot.test.mock.mockito.MockitoTestExecutionListener, org.springframework.boot.test.mock.mockito.ResetMocksTestExecutionListener, org.springframework.test.context.web.ServletTestExecutionListener, org.springframework.test.context.support.DirtiesContextBeforeModesTestExecutionListener, org.springframework.test.context.support.DependencyInjectionTestExecutionListener, org.springframework.test.context.support.DirtiesContextTestExecutionListener, org.springframework.test.context.transaction.TransactionalTestExecutionListener, org.springframework.test.context.jdbc.SqlScriptsTestExecutionListener]
2020-01-09 00:54:58.076  INFO 35740 --- [    Test worker] .b.t.a.w.s.WebMvcTestContextBootstrapper : Using TestExecutionListeners: [org.springframework.test.context.web.ServletTestExecutionListener@6bb51e73, org.springframework.test.context.support.DirtiesContextBeforeModesTestExecutionListener@278b2ead, org.springframework.boot.test.mock.mockito.MockitoTestExecutionListener@791f4912, org.springframework.boot.test.autoconfigure.SpringBootDependencyInjectionTestExecutionListener@76b850a8, org.springframework.test.context.support.DirtiesContextTestExecutionListener@35bd9e8a, org.springframework.test.context.transaction.TransactionalTestExecutionListener@4bbd20d6, org.springframework.test.context.jdbc.SqlScriptsTestExecutionListener@48e9b76a, org.springframework.security.test.context.support.WithSecurityContextTestExecutionListener@7c6083cf, org.springframework.security.test.context.support.ReactorContextTestExecutionListener@25f00b07, org.springframework.boot.test.autoconfigure.restdocs.RestDocsTestExecutionListener@76934ff, org.springframework.boot.test.autoconfigure.web.client.MockRestServiceServerResetTestExecutionListener@2be919f, org.springframework.boot.test.autoconfigure.web.servlet.MockMvcPrintOnlyOnFailureTestExecutionListener@7ab814fc, org.springframework.boot.test.autoconfigure.web.servlet.WebDriverTestExecutionListener@5f35809f, org.springframework.boot.test.mock.mockito.ResetMocksTestExecutionListener@1135894a]

  .   ____          _            __ _ _
 /\\ / ___'_ __ _ _(_)_ __  __ _ \ \ \ \
( ( )\___ | '_ | '_| | '_ \/ _` | \ \ \ \
 \\/  ___)| |_)| | | | | || (_| |  ) ) ) )
  '  |____| .__|_| |_|_| |_\__, | / / / /
 =========|_|==============|___/=/_/_/_/
 :: Spring Boot ::        (v2.1.7.RELEASE)

2020-01-09 00:54:58.203  INFO 35740 --- [    Test worker] c.l.b.s.web.HelloControllerTest          : Starting HelloControllerTest on DESKTOP-2DC37PS with PID 35740 (started by dmbtv in C:\Users\dmbtv\IdeaProjects\springboot_service)
2020-01-09 00:54:58.207  INFO 35740 --- [    Test worker] c.l.b.s.web.HelloControllerTest          : No active profile set, falling back to default profiles: default
2020-01-09 00:54:58.725  INFO 35740 --- [    Test worker] o.s.s.concurrent.ThreadPoolTaskExecutor  : Initializing ExecutorService 'applicationTaskExecutor'
2020-01-09 00:54:58.763  INFO 35740 --- [    Test worker] o.s.b.a.w.s.WelcomePageHandlerMapping    : Adding welcome page template: index
2020-01-09 00:54:59.088  INFO 35740 --- [    Test worker] .s.s.UserDetailsServiceAutoConfiguration : 

Using generated security password: 336aba80-c28a-4d8b-91f5-4a5315c39604

2020-01-09 00:54:59.261  INFO 35740 --- [    Test worker] o.s.s.web.DefaultSecurityFilterChain     : Creating filter chain: any request, [org.springframework.security.web.context.request.async.WebAsyncManagerIntegrationFilter@1bc00eaa, org.springframework.security.web.context.SecurityContextPersistenceFilter@2ae6ad53, org.springframework.security.web.header.HeaderWriterFilter@3ed54f01, org.springframework.security.web.csrf.CsrfFilter@69739fe8, org.springframework.security.web.authentication.logout.LogoutFilter@513812ed, org.springframework.security.web.authentication.UsernamePasswordAuthenticationFilter@623dc51f, org.springframework.security.web.authentication.ui.DefaultLoginPageGeneratingFilter@15b1e2f3, org.springframework.security.web.authentication.ui.DefaultLogoutPageGeneratingFilter@6c95d59c, org.springframework.security.web.authentication.www.BasicAuthenticationFilter@61ea6fb8, org.springframework.security.web.savedrequest.RequestCacheAwareFilter@2a5012a5, org.springframework.security.web.servletapi.SecurityContextHolderAwareRequestFilter@3e69eda9, org.springframework.security.web.authentication.AnonymousAuthenticationFilter@5e30e019, org.springframework.security.web.session.SessionManagementFilter@4bac1bec, org.springframework.security.web.access.ExceptionTranslationFilter@1dd3acb6, org.springframework.security.web.access.intercept.FilterSecurityInterceptor@ff6ae7e]
2020-01-09 00:54:59.309  INFO 35740 --- [    Test worker] o.s.b.t.m.w.SpringBootMockServletContext : Initializing Spring TestDispatcherServlet ''
2020-01-09 00:54:59.309  INFO 35740 --- [    Test worker] o.s.t.web.servlet.TestDispatcherServlet  : Initializing Servlet ''
2020-01-09 00:54:59.328  INFO 35740 --- [    Test worker] o.s.t.web.servlet.TestDispatcherServlet  : Completed initialization in 19 ms
2020-01-09 00:54:59.365  INFO 35740 --- [    Test worker] c.l.b.s.web.HelloControllerTest          : Started HelloControllerTest in 1.216 seconds (JVM running for 10.411)
]]></system-out>
  <system-err><![CDATA[]]></system-err>
</testsuite>
