<?xml version="1.0" encoding="UTF-8"?>
<testsuite name="com.lopic.boot.springboot.web.HelloControllerTest" tests="2" skipped="0" failures="0" errors="0" timestamp="2020-01-06T09:43:24" hostname="DESKTOP-2DC37PS" time="0.227">
  <properties/>
  <testcase name="hello가_리턴된다" classname="com.lopic.boot.springboot.web.HelloControllerTest" time="0.107"/>
  <testcase name="helloDto가_리턴된다" classname="com.lopic.boot.springboot.web.HelloControllerTest" time="0.113"/>
  <system-out><![CDATA[2020-01-06 18:43:22.374  INFO 30740 --- [    Test worker] .b.t.a.w.s.WebMvcTestContextBootstrapper : Neither @ContextConfiguration nor @ContextHierarchy found for test class [com.lopic.boot.springboot.web.HelloControllerTest], using SpringBootContextLoader
2020-01-06 18:43:22.377  INFO 30740 --- [    Test worker] o.s.t.c.support.AbstractContextLoader    : Could not detect default resource locations for test class [com.lopic.boot.springboot.web.HelloControllerTest]: no resource found for suffixes {-context.xml, Context.groovy}.
2020-01-06 18:43:22.379  INFO 30740 --- [    Test worker] t.c.s.AnnotationConfigContextLoaderUtils : Could not detect default configuration classes for test class [com.lopic.boot.springboot.web.HelloControllerTest]: HelloControllerTest does not declare any static, non-private, non-final, nested classes annotated with @Configuration.
2020-01-06 18:43:22.413  INFO 30740 --- [    Test worker] .b.t.c.SpringBootTestContextBootstrapper : Found @SpringBootConfiguration com.lopic.boot.springboot.Application for test class com.lopic.boot.springboot.web.HelloControllerTest
2020-01-06 18:43:22.415  INFO 30740 --- [    Test worker] .b.t.a.w.s.WebMvcTestContextBootstrapper : Loaded default TestExecutionListener class names from location [META-INF/spring.factories]: [org.springframework.security.test.context.support.WithSecurityContextTestExecutionListener, org.springframework.security.test.context.support.ReactorContextTestExecutionListener, org.springframework.boot.test.autoconfigure.restdocs.RestDocsTestExecutionListener, org.springframework.boot.test.autoconfigure.web.client.MockRestServiceServerResetTestExecutionListener, org.springframework.boot.test.autoconfigure.web.servlet.MockMvcPrintOnlyOnFailureTestExecutionListener, org.springframework.boot.test.autoconfigure.web.servlet.WebDriverTestExecutionListener, org.springframework.boot.test.mock.mockito.MockitoTestExecutionListener, org.springframework.boot.test.mock.mockito.ResetMocksTestExecutionListener, org.springframework.test.context.web.ServletTestExecutionListener, org.springframework.test.context.support.DirtiesContextBeforeModesTestExecutionListener, org.springframework.test.context.support.DependencyInjectionTestExecutionListener, org.springframework.test.context.support.DirtiesContextTestExecutionListener, org.springframework.test.context.transaction.TransactionalTestExecutionListener, org.springframework.test.context.jdbc.SqlScriptsTestExecutionListener]
2020-01-06 18:43:22.422  INFO 30740 --- [    Test worker] .b.t.a.w.s.WebMvcTestContextBootstrapper : Using TestExecutionListeners: [org.springframework.test.context.web.ServletTestExecutionListener@639d96b7, org.springframework.test.context.support.DirtiesContextBeforeModesTestExecutionListener@6bb51e73, org.springframework.boot.test.mock.mockito.MockitoTestExecutionListener@278b2ead, org.springframework.boot.test.autoconfigure.SpringBootDependencyInjectionTestExecutionListener@791f4912, org.springframework.test.context.support.DirtiesContextTestExecutionListener@76b850a8, org.springframework.test.context.transaction.TransactionalTestExecutionListener@35bd9e8a, org.springframework.test.context.jdbc.SqlScriptsTestExecutionListener@4bbd20d6, org.springframework.security.test.context.support.WithSecurityContextTestExecutionListener@48e9b76a, org.springframework.security.test.context.support.ReactorContextTestExecutionListener@7c6083cf, org.springframework.boot.test.autoconfigure.restdocs.RestDocsTestExecutionListener@25f00b07, org.springframework.boot.test.autoconfigure.web.client.MockRestServiceServerResetTestExecutionListener@76934ff, org.springframework.boot.test.autoconfigure.web.servlet.MockMvcPrintOnlyOnFailureTestExecutionListener@2be919f, org.springframework.boot.test.autoconfigure.web.servlet.WebDriverTestExecutionListener@7ab814fc, org.springframework.boot.test.mock.mockito.ResetMocksTestExecutionListener@5f35809f]

  .   ____          _            __ _ _
 /\\ / ___'_ __ _ _(_)_ __  __ _ \ \ \ \
( ( )\___ | '_ | '_| | '_ \/ _` | \ \ \ \
 \\/  ___)| |_)| | | | | || (_| |  ) ) ) )
  '  |____| .__|_| |_|_| |_\__, | / / / /
 =========|_|==============|___/=/_/_/_/
 :: Spring Boot ::        (v2.1.7.RELEASE)

2020-01-06 18:43:22.720  INFO 30740 --- [    Test worker] c.l.b.s.web.HelloControllerTest          : Starting HelloControllerTest on DESKTOP-2DC37PS with PID 30740 (started by dmbtv in C:\Users\dmbtv\IdeaProjects\springboot_service)
2020-01-06 18:43:22.723  INFO 30740 --- [    Test worker] c.l.b.s.web.HelloControllerTest          : No active profile set, falling back to default profiles: default
2020-01-06 18:43:23.502  INFO 30740 --- [    Test worker] o.s.s.concurrent.ThreadPoolTaskExecutor  : Initializing ExecutorService 'applicationTaskExecutor'
2020-01-06 18:43:23.552  INFO 30740 --- [    Test worker] o.s.b.a.w.s.WelcomePageHandlerMapping    : Adding welcome page template: index
2020-01-06 18:43:23.880  INFO 30740 --- [    Test worker] .s.s.UserDetailsServiceAutoConfiguration : 

Using generated security password: e4afb77a-fb16-47e2-a622-51b5caea6a79

2020-01-06 18:43:24.096  INFO 30740 --- [    Test worker] o.s.s.web.DefaultSecurityFilterChain     : Creating filter chain: any request, [org.springframework.security.web.context.request.async.WebAsyncManagerIntegrationFilter@28607bb8, org.springframework.security.web.context.SecurityContextPersistenceFilter@4bac1bec, org.springframework.security.web.header.HeaderWriterFilter@1dd3acb6, org.springframework.security.web.csrf.CsrfFilter@5f0f9558, org.springframework.security.web.authentication.logout.LogoutFilter@204db7e8, org.springframework.security.web.authentication.UsernamePasswordAuthenticationFilter@ff6ae7e, org.springframework.security.web.authentication.ui.DefaultLoginPageGeneratingFilter@3e69eda9, org.springframework.security.web.authentication.ui.DefaultLogoutPageGeneratingFilter@1bc00eaa, org.springframework.security.web.authentication.www.BasicAuthenticationFilter@6df34a24, org.springframework.security.web.savedrequest.RequestCacheAwareFilter@2ae6ad53, org.springframework.security.web.servletapi.SecurityContextHolderAwareRequestFilter@2a5012a5, org.springframework.security.web.authentication.AnonymousAuthenticationFilter@6c95d59c, org.springframework.security.web.session.SessionManagementFilter@3ed54f01, org.springframework.security.web.access.ExceptionTranslationFilter@2e89f44e, org.springframework.security.web.access.intercept.FilterSecurityInterceptor@1ec87830]
2020-01-06 18:43:24.146  INFO 30740 --- [    Test worker] o.s.b.t.m.w.SpringBootMockServletContext : Initializing Spring TestDispatcherServlet ''
2020-01-06 18:43:24.146  INFO 30740 --- [    Test worker] o.s.t.web.servlet.TestDispatcherServlet  : Initializing Servlet ''
2020-01-06 18:43:24.166  INFO 30740 --- [    Test worker] o.s.t.web.servlet.TestDispatcherServlet  : Completed initialization in 20 ms
2020-01-06 18:43:24.211  INFO 30740 --- [    Test worker] c.l.b.s.web.HelloControllerTest          : Started HelloControllerTest in 1.653 seconds (JVM running for 13.072)
]]></system-out>
  <system-err><![CDATA[]]></system-err>
</testsuite>
