<?xml version="1.0" encoding="UTF-8"?>
<testsuite name="com.lopic.boot.springboot.web.HelloControllerTest" tests="2" skipped="0" failures="0" errors="0" timestamp="2020-01-10T00:02:48" hostname="DESKTOP-2DC37PS" time="0.135">
  <properties/>
  <testcase name="hello가_리턴된다" classname="com.lopic.boot.springboot.web.HelloControllerTest" time="0.046"/>
  <testcase name="helloDto가_리턴된다" classname="com.lopic.boot.springboot.web.HelloControllerTest" time="0.088"/>
  <system-out><![CDATA[2020-01-10 09:02:47.605  INFO 33744 --- [    Test worker] .b.t.a.w.s.WebMvcTestContextBootstrapper : Neither @ContextConfiguration nor @ContextHierarchy found for test class [com.lopic.boot.springboot.web.HelloControllerTest], using SpringBootContextLoader
2020-01-10 09:02:47.608  INFO 33744 --- [    Test worker] o.s.t.c.support.AbstractContextLoader    : Could not detect default resource locations for test class [com.lopic.boot.springboot.web.HelloControllerTest]: no resource found for suffixes {-context.xml, Context.groovy}.
2020-01-10 09:02:47.609  INFO 33744 --- [    Test worker] t.c.s.AnnotationConfigContextLoaderUtils : Could not detect default configuration classes for test class [com.lopic.boot.springboot.web.HelloControllerTest]: HelloControllerTest does not declare any static, non-private, non-final, nested classes annotated with @Configuration.
2020-01-10 09:02:47.627  INFO 33744 --- [    Test worker] .b.t.c.SpringBootTestContextBootstrapper : Found @SpringBootConfiguration com.lopic.boot.springboot.Application for test class com.lopic.boot.springboot.web.HelloControllerTest
2020-01-10 09:02:47.630  INFO 33744 --- [    Test worker] .b.t.a.w.s.WebMvcTestContextBootstrapper : Loaded default TestExecutionListener class names from location [META-INF/spring.factories]: [org.springframework.security.test.context.support.WithSecurityContextTestExecutionListener, org.springframework.security.test.context.support.ReactorContextTestExecutionListener, org.springframework.boot.test.autoconfigure.restdocs.RestDocsTestExecutionListener, org.springframework.boot.test.autoconfigure.web.client.MockRestServiceServerResetTestExecutionListener, org.springframework.boot.test.autoconfigure.web.servlet.MockMvcPrintOnlyOnFailureTestExecutionListener, org.springframework.boot.test.autoconfigure.web.servlet.WebDriverTestExecutionListener, org.springframework.boot.test.mock.mockito.MockitoTestExecutionListener, org.springframework.boot.test.mock.mockito.ResetMocksTestExecutionListener, org.springframework.test.context.web.ServletTestExecutionListener, org.springframework.test.context.support.DirtiesContextBeforeModesTestExecutionListener, org.springframework.test.context.support.DependencyInjectionTestExecutionListener, org.springframework.test.context.support.DirtiesContextTestExecutionListener, org.springframework.test.context.transaction.TransactionalTestExecutionListener, org.springframework.test.context.jdbc.SqlScriptsTestExecutionListener]
2020-01-10 09:02:47.633  INFO 33744 --- [    Test worker] .b.t.a.w.s.WebMvcTestContextBootstrapper : Using TestExecutionListeners: [org.springframework.test.context.web.ServletTestExecutionListener@98b5a81, org.springframework.test.context.support.DirtiesContextBeforeModesTestExecutionListener@7c2524ac, org.springframework.boot.test.mock.mockito.MockitoTestExecutionListener@11d64dde, org.springframework.boot.test.autoconfigure.SpringBootDependencyInjectionTestExecutionListener@114e5d38, org.springframework.test.context.support.DirtiesContextTestExecutionListener@424252c2, org.springframework.test.context.transaction.TransactionalTestExecutionListener@17171e62, org.springframework.test.context.jdbc.SqlScriptsTestExecutionListener@348c19e3, org.springframework.security.test.context.support.WithSecurityContextTestExecutionListener@574825d7, org.springframework.security.test.context.support.ReactorContextTestExecutionListener@7ccb9be, org.springframework.boot.test.autoconfigure.restdocs.RestDocsTestExecutionListener@2887532b, org.springframework.boot.test.autoconfigure.web.client.MockRestServiceServerResetTestExecutionListener@7c9004d9, org.springframework.boot.test.autoconfigure.web.servlet.MockMvcPrintOnlyOnFailureTestExecutionListener@6ae0e001, org.springframework.boot.test.autoconfigure.web.servlet.WebDriverTestExecutionListener@883b5aa, org.springframework.boot.test.mock.mockito.ResetMocksTestExecutionListener@1a0fb19a]

  .   ____          _            __ _ _
 /\\ / ___'_ __ _ _(_)_ __  __ _ \ \ \ \
( ( )\___ | '_ | '_| | '_ \/ _` | \ \ \ \
 \\/  ___)| |_)| | | | | || (_| |  ) ) ) )
  '  |____| .__|_| |_|_| |_\__, | / / / /
 =========|_|==============|___/=/_/_/_/
 :: Spring Boot ::        (v2.1.7.RELEASE)

2020-01-10 09:02:47.677  INFO 33744 --- [    Test worker] c.l.b.s.web.HelloControllerTest          : Starting HelloControllerTest on DESKTOP-2DC37PS with PID 33744 (started by dmbtv in C:\Users\dmbtv\IdeaProjects\springboot_service)
2020-01-10 09:02:47.678  INFO 33744 --- [    Test worker] c.l.b.s.web.HelloControllerTest          : No active profile set, falling back to default profiles: default
2020-01-10 09:02:48.239  INFO 33744 --- [    Test worker] o.s.s.concurrent.ThreadPoolTaskExecutor  : Initializing ExecutorService 'applicationTaskExecutor'
2020-01-10 09:02:48.279  INFO 33744 --- [    Test worker] o.s.b.a.w.s.WelcomePageHandlerMapping    : Adding welcome page template: index
2020-01-10 09:02:48.545  INFO 33744 --- [    Test worker] .s.s.UserDetailsServiceAutoConfiguration : 

Using generated security password: 3a7b204c-2584-4dcd-a6d4-5d40aba40c98

2020-01-10 09:02:48.719  INFO 33744 --- [    Test worker] o.s.s.web.DefaultSecurityFilterChain     : Creating filter chain: any request, [org.springframework.security.web.context.request.async.WebAsyncManagerIntegrationFilter@1c5f0c0e, org.springframework.security.web.context.SecurityContextPersistenceFilter@c80507c, org.springframework.security.web.header.HeaderWriterFilter@38829ca0, org.springframework.security.web.csrf.CsrfFilter@193b5ab, org.springframework.security.web.authentication.logout.LogoutFilter@71a5b3ec, org.springframework.security.web.authentication.UsernamePasswordAuthenticationFilter@2f32fefb, org.springframework.security.web.authentication.ui.DefaultLoginPageGeneratingFilter@c4fdb71, org.springframework.security.web.authentication.ui.DefaultLogoutPageGeneratingFilter@42fea42f, org.springframework.security.web.authentication.www.BasicAuthenticationFilter@23255458, org.springframework.security.web.savedrequest.RequestCacheAwareFilter@645baca, org.springframework.security.web.servletapi.SecurityContextHolderAwareRequestFilter@2a8e513e, org.springframework.security.web.authentication.AnonymousAuthenticationFilter@4bf0bfbc, org.springframework.security.web.session.SessionManagementFilter@24a058f6, org.springframework.security.web.access.ExceptionTranslationFilter@77efa412, org.springframework.security.web.access.intercept.FilterSecurityInterceptor@37bec64c]
2020-01-10 09:02:48.746  INFO 33744 --- [    Test worker] o.s.b.t.m.w.SpringBootMockServletContext : Initializing Spring TestDispatcherServlet ''
2020-01-10 09:02:48.746  INFO 33744 --- [    Test worker] o.s.t.web.servlet.TestDispatcherServlet  : Initializing Servlet ''
2020-01-10 09:02:48.760  INFO 33744 --- [    Test worker] o.s.t.web.servlet.TestDispatcherServlet  : Completed initialization in 13 ms
2020-01-10 09:02:48.796  INFO 33744 --- [    Test worker] c.l.b.s.web.HelloControllerTest          : Started HelloControllerTest in 1.159 seconds (JVM running for 14.063)
]]></system-out>
  <system-err><![CDATA[]]></system-err>
</testsuite>
