<?xml version="1.0" encoding="UTF-8"?>
<testsuite name="com.lopic.boot.springboot.web.domain.posts.PostsRepositoryTest" tests="2" skipped="0" failures="0" errors="0" timestamp="2020-01-10T00:02:47" hostname="DESKTOP-2DC37PS" time="0.135">
  <properties/>
  <testcase name="게시글저장_불러오기" classname="com.lopic.boot.springboot.web.domain.posts.PostsRepositoryTest" time="0.124"/>
  <testcase name="BaseTimeEntity_등록" classname="com.lopic.boot.springboot.web.domain.posts.PostsRepositoryTest" time="0.011"/>
  <system-out><![CDATA[2020-01-10 09:02:45.064  INFO 33744 --- [    Test worker] .b.t.c.SpringBootTestContextBootstrapper : Neither @ContextConfiguration nor @ContextHierarchy found for test class [com.lopic.boot.springboot.web.domain.posts.PostsRepositoryTest], using SpringBootContextLoader
2020-01-10 09:02:45.065  INFO 33744 --- [    Test worker] o.s.t.c.support.AbstractContextLoader    : Could not detect default resource locations for test class [com.lopic.boot.springboot.web.domain.posts.PostsRepositoryTest]: no resource found for suffixes {-context.xml, Context.groovy}.
2020-01-10 09:02:45.065  INFO 33744 --- [    Test worker] t.c.s.AnnotationConfigContextLoaderUtils : Could not detect default configuration classes for test class [com.lopic.boot.springboot.web.domain.posts.PostsRepositoryTest]: PostsRepositoryTest does not declare any static, non-private, non-final, nested classes annotated with @Configuration.
2020-01-10 09:02:45.103  INFO 33744 --- [    Test worker] .b.t.c.SpringBootTestContextBootstrapper : Found @SpringBootConfiguration com.lopic.boot.springboot.Application for test class com.lopic.boot.springboot.web.domain.posts.PostsRepositoryTest
2020-01-10 09:02:45.107  INFO 33744 --- [    Test worker] .b.t.c.SpringBootTestContextBootstrapper : Loaded default TestExecutionListener class names from location [META-INF/spring.factories]: [org.springframework.security.test.context.support.WithSecurityContextTestExecutionListener, org.springframework.security.test.context.support.ReactorContextTestExecutionListener, org.springframework.boot.test.autoconfigure.restdocs.RestDocsTestExecutionListener, org.springframework.boot.test.autoconfigure.web.client.MockRestServiceServerResetTestExecutionListener, org.springframework.boot.test.autoconfigure.web.servlet.MockMvcPrintOnlyOnFailureTestExecutionListener, org.springframework.boot.test.autoconfigure.web.servlet.WebDriverTestExecutionListener, org.springframework.boot.test.mock.mockito.MockitoTestExecutionListener, org.springframework.boot.test.mock.mockito.ResetMocksTestExecutionListener, org.springframework.test.context.web.ServletTestExecutionListener, org.springframework.test.context.support.DirtiesContextBeforeModesTestExecutionListener, org.springframework.test.context.support.DependencyInjectionTestExecutionListener, org.springframework.test.context.support.DirtiesContextTestExecutionListener, org.springframework.test.context.transaction.TransactionalTestExecutionListener, org.springframework.test.context.jdbc.SqlScriptsTestExecutionListener]
2020-01-10 09:02:45.110  INFO 33744 --- [    Test worker] .b.t.c.SpringBootTestContextBootstrapper : Using TestExecutionListeners: [org.springframework.test.context.web.ServletTestExecutionListener@16fe4932, org.springframework.test.context.support.DirtiesContextBeforeModesTestExecutionListener@38b9182d, org.springframework.boot.test.mock.mockito.MockitoTestExecutionListener@40b590eb, org.springframework.boot.test.autoconfigure.SpringBootDependencyInjectionTestExecutionListener@4964f62b, org.springframework.test.context.support.DirtiesContextTestExecutionListener@2d3781ec, org.springframework.test.context.transaction.TransactionalTestExecutionListener@5dbf8c17, org.springframework.test.context.jdbc.SqlScriptsTestExecutionListener@31616d83, org.springframework.security.test.context.support.WithSecurityContextTestExecutionListener@5f5a102a, org.springframework.security.test.context.support.ReactorContextTestExecutionListener@4ef3d2cc, org.springframework.boot.test.autoconfigure.restdocs.RestDocsTestExecutionListener@6f0d3031, org.springframework.boot.test.autoconfigure.web.client.MockRestServiceServerResetTestExecutionListener@553a4526, org.springframework.boot.test.autoconfigure.web.servlet.MockMvcPrintOnlyOnFailureTestExecutionListener@5aeed4eb, org.springframework.boot.test.autoconfigure.web.servlet.WebDriverTestExecutionListener@a5b08c8, org.springframework.boot.test.mock.mockito.ResetMocksTestExecutionListener@cd12d0a]

  .   ____          _            __ _ _
 /\\ / ___'_ __ _ _(_)_ __  __ _ \ \ \ \
( ( )\___ | '_ | '_| | '_ \/ _` | \ \ \ \
 \\/  ___)| |_)| | | | | || (_| |  ) ) ) )
  '  |____| .__|_| |_|_| |_\__, | / / / /
 =========|_|==============|___/=/_/_/_/
 :: Spring Boot ::        (v2.1.7.RELEASE)

2020-01-10 09:02:45.155  INFO 33744 --- [    Test worker] c.l.b.s.w.d.posts.PostsRepositoryTest    : Starting PostsRepositoryTest on DESKTOP-2DC37PS with PID 33744 (started by dmbtv in C:\Users\dmbtv\IdeaProjects\springboot_service)
2020-01-10 09:02:45.156  INFO 33744 --- [    Test worker] c.l.b.s.w.d.posts.PostsRepositoryTest    : No active profile set, falling back to default profiles: default
2020-01-10 09:02:45.484  INFO 33744 --- [    Test worker] .s.d.r.c.RepositoryConfigurationDelegate : Bootstrapping Spring Data repositories in DEFAULT mode.
2020-01-10 09:02:45.532  INFO 33744 --- [    Test worker] .s.d.r.c.RepositoryConfigurationDelegate : Finished Spring Data repository scanning in 47ms. Found 2 repository interfaces.
2020-01-10 09:02:45.674  INFO 33744 --- [    Test worker] trationDelegate$BeanPostProcessorChecker : Bean 'org.springframework.transaction.annotation.ProxyTransactionManagementConfiguration' of type [org.springframework.transaction.annotation.ProxyTransactionManagementConfiguration$$EnhancerBySpringCGLIB$$56b2cc86] is not eligible for getting processed by all BeanPostProcessors (for example: not eligible for auto-proxying)
2020-01-10 09:02:45.783  INFO 33744 --- [    Test worker] com.zaxxer.hikari.HikariDataSource       : HikariPool-2 - Starting...
2020-01-10 09:02:45.786  INFO 33744 --- [    Test worker] com.zaxxer.hikari.HikariDataSource       : HikariPool-2 - Start completed.
2020-01-10 09:02:45.846  INFO 33744 --- [    Test worker] o.hibernate.jpa.internal.util.LogHelper  : HHH000204: Processing PersistenceUnitInfo [
	name: default
	...]
2020-01-10 09:02:45.865  INFO 33744 --- [    Test worker] org.hibernate.dialect.Dialect            : HHH000400: Using dialect: org.hibernate.dialect.H2Dialect
2020-01-10 09:02:45.923  INFO 33744 --- [    Test worker] o.h.t.schema.internal.SchemaCreatorImpl  : HHH000476: Executing import script 'org.hibernate.tool.schema.internal.exec.ScriptSourceInputNonExistentImpl@793ba80'
2020-01-10 09:02:45.923  INFO 33744 --- [    Test worker] j.LocalContainerEntityManagerFactoryBean : Initialized JPA EntityManagerFactory for persistence unit 'default'
2020-01-10 09:02:46.311  INFO 33744 --- [    Test worker] o.h.h.i.QueryTranslatorFactoryInitiator  : HHH000397: Using ASTQueryTranslatorFactory
2020-01-10 09:02:46.522  INFO 33744 --- [    Test worker] o.s.s.web.DefaultSecurityFilterChain     : Creating filter chain: any request, [org.springframework.security.web.context.request.async.WebAsyncManagerIntegrationFilter@10a5f2be, org.springframework.security.web.context.SecurityContextPersistenceFilter@773e645c, org.springframework.security.web.header.HeaderWriterFilter@39673eef, org.springframework.security.web.authentication.logout.LogoutFilter@71547674, org.springframework.security.oauth2.client.web.OAuth2AuthorizationRequestRedirectFilter@44ac9a2, org.springframework.security.oauth2.client.web.OAuth2LoginAuthenticationFilter@430af5c1, org.springframework.security.web.authentication.ui.DefaultLoginPageGeneratingFilter@75ccf015, org.springframework.security.web.authentication.ui.DefaultLogoutPageGeneratingFilter@f7d2792, org.springframework.security.web.savedrequest.RequestCacheAwareFilter@26e3bde0, org.springframework.security.web.servletapi.SecurityContextHolderAwareRequestFilter@26737f95, org.springframework.security.web.authentication.AnonymousAuthenticationFilter@5d28e806, org.springframework.security.web.session.SessionManagementFilter@7e15bf39, org.springframework.security.web.access.ExceptionTranslationFilter@57d0db80, org.springframework.security.web.access.intercept.FilterSecurityInterceptor@29c6c038]
2020-01-10 09:02:46.908  INFO 33744 --- [    Test worker] o.s.s.concurrent.ThreadPoolTaskExecutor  : Initializing ExecutorService 'applicationTaskExecutor'
2020-01-10 09:02:46.924  WARN 33744 --- [    Test worker] aWebConfiguration$JpaWebMvcConfiguration : spring.jpa.open-in-view is enabled by default. Therefore, database queries may be performed during view rendering. Explicitly configure spring.jpa.open-in-view to disable this warning
2020-01-10 09:02:46.961  INFO 33744 --- [    Test worker] o.s.b.a.w.s.WelcomePageHandlerMapping    : Adding welcome page template: index
2020-01-10 09:02:47.435  INFO 33744 --- [    Test worker] s.a.ScheduledAnnotationBeanPostProcessor : No TaskScheduler/ScheduledExecutorService bean found for scheduled processing
2020-01-10 09:02:47.437  INFO 33744 --- [    Test worker] c.l.b.s.w.d.posts.PostsRepositoryTest    : Started PostsRepositoryTest in 2.316 seconds (JVM running for 12.703)
>>>>>>>>> createDate = 2020-01-10T09:02:47.575, modifiedDate = 2020-01-10T09:02:47.575
]]></system-out>
  <system-err><![CDATA[]]></system-err>
</testsuite>
