<?xml version="1.0" encoding="UTF-8"?>
<testsuite name="com.lopic.boot.springboot.web.PostsApiControllerTest" tests="2" skipped="0" failures="0" errors="0" timestamp="2020-01-05T00:40:09" hostname="DESKTOP-2DC37PS" time="0.138">
  <properties/>
  <testcase name="Posts_등록된다" classname="com.lopic.boot.springboot.web.PostsApiControllerTest" time="0.092"/>
  <testcase name="Posts_수정된다" classname="com.lopic.boot.springboot.web.PostsApiControllerTest" time="0.045"/>
  <system-out><![CDATA[2020-01-05 09:40:09.446  INFO 47492 --- [    Test worker] .b.t.c.SpringBootTestContextBootstrapper : Neither @ContextConfiguration nor @ContextHierarchy found for test class [com.lopic.boot.springboot.web.PostsApiControllerTest], using SpringBootContextLoader
2020-01-05 09:40:09.447  INFO 47492 --- [    Test worker] o.s.t.c.support.AbstractContextLoader    : Could not detect default resource locations for test class [com.lopic.boot.springboot.web.PostsApiControllerTest]: no resource found for suffixes {-context.xml, Context.groovy}.
2020-01-05 09:40:09.447  INFO 47492 --- [    Test worker] t.c.s.AnnotationConfigContextLoaderUtils : Could not detect default configuration classes for test class [com.lopic.boot.springboot.web.PostsApiControllerTest]: PostsApiControllerTest does not declare any static, non-private, non-final, nested classes annotated with @Configuration.
2020-01-05 09:40:09.449  INFO 47492 --- [    Test worker] .b.t.c.SpringBootTestContextBootstrapper : Found @SpringBootConfiguration com.lopic.boot.springboot.Application for test class com.lopic.boot.springboot.web.PostsApiControllerTest
2020-01-05 09:40:09.450  INFO 47492 --- [    Test worker] .b.t.c.SpringBootTestContextBootstrapper : Loaded default TestExecutionListener class names from location [META-INF/spring.factories]: [org.springframework.security.test.context.support.WithSecurityContextTestExecutionListener, org.springframework.security.test.context.support.ReactorContextTestExecutionListener, org.springframework.boot.test.autoconfigure.restdocs.RestDocsTestExecutionListener, org.springframework.boot.test.autoconfigure.web.client.MockRestServiceServerResetTestExecutionListener, org.springframework.boot.test.autoconfigure.web.servlet.MockMvcPrintOnlyOnFailureTestExecutionListener, org.springframework.boot.test.autoconfigure.web.servlet.WebDriverTestExecutionListener, org.springframework.boot.test.mock.mockito.MockitoTestExecutionListener, org.springframework.boot.test.mock.mockito.ResetMocksTestExecutionListener, org.springframework.test.context.web.ServletTestExecutionListener, org.springframework.test.context.support.DirtiesContextBeforeModesTestExecutionListener, org.springframework.test.context.support.DependencyInjectionTestExecutionListener, org.springframework.test.context.support.DirtiesContextTestExecutionListener, org.springframework.test.context.transaction.TransactionalTestExecutionListener, org.springframework.test.context.jdbc.SqlScriptsTestExecutionListener]
2020-01-05 09:40:09.451  INFO 47492 --- [    Test worker] .b.t.c.SpringBootTestContextBootstrapper : Using TestExecutionListeners: [org.springframework.test.context.web.ServletTestExecutionListener@21ae07bd, org.springframework.test.context.support.DirtiesContextBeforeModesTestExecutionListener@6df8ab84, org.springframework.boot.test.mock.mockito.MockitoTestExecutionListener@464ae370, org.springframework.boot.test.autoconfigure.SpringBootDependencyInjectionTestExecutionListener@6ffdfbde, org.springframework.test.context.support.DirtiesContextTestExecutionListener@3ebf8a73, org.springframework.test.context.transaction.TransactionalTestExecutionListener@16b3b2ab, org.springframework.test.context.jdbc.SqlScriptsTestExecutionListener@7f3826e, org.springframework.security.test.context.support.WithSecurityContextTestExecutionListener@750aa45, org.springframework.security.test.context.support.ReactorContextTestExecutionListener@45fe44ce, org.springframework.boot.test.autoconfigure.restdocs.RestDocsTestExecutionListener@4e539030, org.springframework.boot.test.autoconfigure.web.client.MockRestServiceServerResetTestExecutionListener@55288b66, org.springframework.boot.test.autoconfigure.web.servlet.MockMvcPrintOnlyOnFailureTestExecutionListener@57281104, org.springframework.boot.test.autoconfigure.web.servlet.WebDriverTestExecutionListener@60c7e71b, org.springframework.boot.test.mock.mockito.ResetMocksTestExecutionListener@32c73923]
2020-01-05 09:40:09.457  INFO 47492 --- [    Test worker] o.a.c.c.C.[Tomcat].[localhost].[/]       : Initializing Spring TestDispatcherServlet ''
2020-01-05 09:40:09.457  INFO 47492 --- [    Test worker] o.s.t.web.servlet.TestDispatcherServlet  : Initializing Servlet ''
2020-01-05 09:40:09.460  INFO 47492 --- [    Test worker] o.s.t.web.servlet.TestDispatcherServlet  : Completed initialization in 3 ms
2020-01-05 09:40:09.549  INFO 47492 --- [    Test worker] o.a.c.c.C.[Tomcat].[localhost].[/]       : Initializing Spring TestDispatcherServlet ''
2020-01-05 09:40:09.549  INFO 47492 --- [    Test worker] o.s.t.web.servlet.TestDispatcherServlet  : Initializing Servlet ''
2020-01-05 09:40:09.564  INFO 47492 --- [    Test worker] o.s.t.web.servlet.TestDispatcherServlet  : Completed initialization in 15 ms
]]></system-out>
  <system-err><![CDATA[]]></system-err>
</testsuite>
